[ 2017-08-13T09:24:35+08:00 ] 127.0.0.1 /onethink/index.php?s=/Home/Index/index.html
SQL: SHOW COLUMNS FROM `onethink_category` [ RunTime:0.025022s ]
SQL: SELECT `id`,`name`,`title`,`pid`,`sort`,`list_row`,`meta_title`,`keywords`,`description`,`template_index`,`template_lists`,`template_detail`,`template_edit`,`model`,`type`,`link_id`,`allow_publish`,`display`,`reply`,`check`,`reply_model`,`extend`,`create_time`,`update_time`,`status`,`icon` FROM `onethink_category` WHERE ( `status` = 1 ) ORDER BY sort  [ RunTime:0.000631s ]
SQL: SHOW COLUMNS FROM `onethink_document` [ RunTime:0.017708s ]
SQL: SELECT `id`,`uid`,`name`,`title`,`category_id`,`description`,`root`,`pid`,`model_id`,`type`,`position`,`link_id`,`cover_id`,`display`,`deadline`,`attach`,`view`,`comment`,`extend`,`level`,`create_time`,`update_time`,`status` FROM `onethink_document` WHERE ( `status` = 1 ) AND ( `pid` = 0 ) AND ( `create_time` < 1502587475 ) AND ( deadline = 0 OR deadline > 1502587475 ) ORDER BY `id` DESC  [ RunTime:0.000616s ]
INFO: [ view_parse ] --START--
INFO: [ template_filter ] --START--
INFO: Run Behavior\ContentReplace [ RunTime:0.000112s ]
INFO: [ template_filter ] --END-- [ RunTime:0.000197s ]
INFO: Run Behavior\ParseTemplate [ RunTime:0.024663s ]
INFO: [ view_parse ] --END-- [ RunTime:0.024766s ]
INFO: [ view_filter ] --START--
INFO: Run Behavior\WriteHtmlCache [ RunTime:0.000407s ]
INFO: [ view_filter ] --END-- [ RunTime:0.000493s ]
INFO: [ app_end ] --START--
INFO: Run Behavior\ShowPageTrace [ RunTime:0.000919s ]
INFO: [ app_end ] --END-- [ RunTime:0.000997s ]

[ 2017-08-13T09:24:36+08:00 ] 127.0.0.1 /onethink/index.php?s=/Home/Index/index.html
SQL: SHOW COLUMNS FROM `onethink_category` [ RunTime:0.010377s ]
SQL: SELECT `id`,`name`,`title`,`pid`,`sort`,`list_row`,`meta_title`,`keywords`,`description`,`template_index`,`template_lists`,`template_detail`,`template_edit`,`model`,`type`,`link_id`,`allow_publish`,`display`,`reply`,`check`,`reply_model`,`extend`,`create_time`,`update_time`,`status`,`icon` FROM `onethink_category` WHERE ( `status` = 1 ) ORDER BY sort  [ RunTime:0.000456s ]
SQL: SHOW COLUMNS FROM `onethink_document` [ RunTime:0.010833s ]
SQL: SELECT `id`,`uid`,`name`,`title`,`category_id`,`description`,`root`,`pid`,`model_id`,`type`,`position`,`link_id`,`cover_id`,`display`,`deadline`,`attach`,`view`,`comment`,`extend`,`level`,`create_time`,`update_time`,`status` FROM `onethink_document` WHERE ( `status` = 1 ) AND ( `pid` = 0 ) AND ( `create_time` < 1502587476 ) AND ( deadline = 0 OR deadline > 1502587476 ) ORDER BY `id` DESC  [ RunTime:0.000495s ]
INFO: [ view_parse ] --START--
INFO: [ template_filter ] --START--
INFO: Run Behavior\ContentReplace [ RunTime:0.000065s ]
INFO: [ template_filter ] --END-- [ RunTime:0.000115s ]
INFO: Run Behavior\ParseTemplate [ RunTime:0.008880s ]
INFO: [ view_parse ] --END-- [ RunTime:0.008950s ]
INFO: [ view_filter ] --START--
INFO: Run Behavior\WriteHtmlCache [ RunTime:0.000310s ]
INFO: [ view_filter ] --END-- [ RunTime:0.000362s ]
INFO: [ app_end ] --START--
INFO: Run Behavior\ShowPageTrace [ RunTime:0.000793s ]
INFO: [ app_end ] --END-- [ RunTime:0.000854s ]

[ 2017-08-13T09:24:36+08:00 ] 127.0.0.1 /onethink/index.php?s=/Home/Index/index.html
SQL: SHOW COLUMNS FROM `onethink_category` [ RunTime:0.008579s ]
SQL: SELECT `id`,`name`,`title`,`pid`,`sort`,`list_row`,`meta_title`,`keywords`,`description`,`template_index`,`template_lists`,`template_detail`,`template_edit`,`model`,`type`,`link_id`,`allow_publish`,`display`,`reply`,`check`,`reply_model`,`extend`,`create_time`,`update_time`,`status`,`icon` FROM `onethink_category` WHERE ( `status` = 1 ) ORDER BY sort  [ RunTime:0.000450s ]
SQL: SHOW COLUMNS FROM `onethink_document` [ RunTime:0.006962s ]
SQL: SELECT `id`,`uid`,`name`,`title`,`category_id`,`description`,`root`,`pid`,`model_id`,`type`,`position`,`link_id`,`cover_id`,`display`,`deadline`,`attach`,`view`,`comment`,`extend`,`level`,`create_time`,`update_time`,`status` FROM `onethink_document` WHERE ( `status` = 1 ) AND ( `pid` = 0 ) AND ( `create_time` < 1502587476 ) AND ( deadline = 0 OR deadline > 1502587476 ) ORDER BY `id` DESC  [ RunTime:0.000488s ]
INFO: [ view_parse ] --START--
INFO: [ template_filter ] --START--
INFO: Run Behavior\ContentReplace [ RunTime:0.000072s ]
INFO: [ template_filter ] --END-- [ RunTime:0.000128s ]
INFO: Run Behavior\ParseTemplate [ RunTime:0.010011s ]
INFO: [ view_parse ] --END-- [ RunTime:0.010082s ]
INFO: [ view_filter ] --START--
INFO: Run Behavior\WriteHtmlCache [ RunTime:0.000266s ]
INFO: [ view_filter ] --END-- [ RunTime:0.000308s ]
INFO: [ app_end ] --START--
INFO: Run Behavior\ShowPageTrace [ RunTime:0.000597s ]
INFO: [ app_end ] --END-- [ RunTime:0.000645s ]

[ 2017-08-13T09:24:36+08:00 ] 127.0.0.1 /onethink/index.php?s=/Home/Index/index.html
SQL: SHOW COLUMNS FROM `onethink_category` [ RunTime:0.007343s ]
SQL: SELECT `id`,`name`,`title`,`pid`,`sort`,`list_row`,`meta_title`,`keywords`,`description`,`template_index`,`template_lists`,`template_detail`,`template_edit`,`model`,`type`,`link_id`,`allow_publish`,`display`,`reply`,`check`,`reply_model`,`extend`,`create_time`,`update_time`,`status`,`icon` FROM `onethink_category` WHERE ( `status` = 1 ) ORDER BY sort  [ RunTime:0.000483s ]
SQL: SHOW COLUMNS FROM `onethink_document` [ RunTime:0.007232s ]
SQL: SELECT `id`,`uid`,`name`,`title`,`category_id`,`description`,`root`,`pid`,`model_id`,`type`,`position`,`link_id`,`cover_id`,`display`,`deadline`,`attach`,`view`,`comment`,`extend`,`level`,`create_time`,`update_time`,`status` FROM `onethink_document` WHERE ( `status` = 1 ) AND ( `pid` = 0 ) AND ( `create_time` < 1502587476 ) AND ( deadline = 0 OR deadline > 1502587476 ) ORDER BY `id` DESC  [ RunTime:0.000620s ]
INFO: [ view_parse ] --START--
INFO: [ template_filter ] --START--
INFO: Run Behavior\ContentReplace [ RunTime:0.000067s ]
INFO: [ template_filter ] --END-- [ RunTime:0.000120s ]
INFO: Run Behavior\ParseTemplate [ RunTime:0.009173s ]
INFO: [ view_parse ] --END-- [ RunTime:0.009268s ]
INFO: [ view_filter ] --START--
INFO: Run Behavior\WriteHtmlCache [ RunTime:0.000309s ]
INFO: [ view_filter ] --END-- [ RunTime:0.000357s ]
INFO: [ app_end ] --START--
INFO: Run Behavior\ShowPageTrace [ RunTime:0.000599s ]
INFO: [ app_end ] --END-- [ RunTime:0.000646s ]

[ 2017-08-13T09:24:36+08:00 ] 127.0.0.1 /onethink/index.php?s=/Home/Index/index.html
SQL: SHOW COLUMNS FROM `onethink_category` [ RunTime:0.007147s ]
SQL: SELECT `id`,`name`,`title`,`pid`,`sort`,`list_row`,`meta_title`,`keywords`,`description`,`template_index`,`template_lists`,`template_detail`,`template_edit`,`model`,`type`,`link_id`,`allow_publish`,`display`,`reply`,`check`,`reply_model`,`extend`,`create_time`,`update_time`,`status`,`icon` FROM `onethink_category` WHERE ( `status` = 1 ) ORDER BY sort  [ RunTime:0.000463s ]
SQL: SHOW COLUMNS FROM `onethink_document` [ RunTime:0.008846s ]
SQL: SELECT `id`,`uid`,`name`,`title`,`category_id`,`description`,`root`,`pid`,`model_id`,`type`,`position`,`link_id`,`cover_id`,`display`,`deadline`,`attach`,`view`,`comment`,`extend`,`level`,`create_time`,`update_time`,`status` FROM `onethink_document` WHERE ( `status` = 1 ) AND ( `pid` = 0 ) AND ( `create_time` < 1502587476 ) AND ( deadline = 0 OR deadline > 1502587476 ) ORDER BY `id` DESC  [ RunTime:0.000460s ]
INFO: [ view_parse ] --START--
INFO: [ template_filter ] --START--
INFO: Run Behavior\ContentReplace [ RunTime:0.000066s ]
INFO: [ template_filter ] --END-- [ RunTime:0.000117s ]
INFO: Run Behavior\ParseTemplate [ RunTime:0.008723s ]
INFO: [ view_parse ] --END-- [ RunTime:0.008793s ]
INFO: [ view_filter ] --START--
INFO: Run Behavior\WriteHtmlCache [ RunTime:0.000272s ]
INFO: [ view_filter ] --END-- [ RunTime:0.000315s ]
INFO: [ app_end ] --START--
INFO: Run Behavior\ShowPageTrace [ RunTime:0.000598s ]
INFO: [ app_end ] --END-- [ RunTime:0.000645s ]

[ 2017-08-13T09:24:37+08:00 ] 127.0.0.1 /onethink/index.php?s=/Home/Index/index.html
SQL: SHOW COLUMNS FROM `onethink_category` [ RunTime:0.011095s ]
SQL: SELECT `id`,`name`,`title`,`pid`,`sort`,`list_row`,`meta_title`,`keywords`,`description`,`template_index`,`template_lists`,`template_detail`,`template_edit`,`model`,`type`,`link_id`,`allow_publish`,`display`,`reply`,`check`,`reply_model`,`extend`,`create_time`,`update_time`,`status`,`icon` FROM `onethink_category` WHERE ( `status` = 1 ) ORDER BY sort  [ RunTime:0.000514s ]
SQL: SHOW COLUMNS FROM `onethink_document` [ RunTime:0.011253s ]
SQL: SELECT `id`,`uid`,`name`,`title`,`category_id`,`description`,`root`,`pid`,`model_id`,`type`,`position`,`link_id`,`cover_id`,`display`,`deadline`,`attach`,`view`,`comment`,`extend`,`level`,`create_time`,`update_time`,`status` FROM `onethink_document` WHERE ( `status` = 1 ) AND ( `pid` = 0 ) AND ( `create_time` < 1502587477 ) AND ( deadline = 0 OR deadline > 1502587477 ) ORDER BY `id` DESC  [ RunTime:0.000497s ]
INFO: [ view_parse ] --START--
INFO: [ template_filter ] --START--
INFO: Run Behavior\ContentReplace [ RunTime:0.000066s ]
INFO: [ template_filter ] --END-- [ RunTime:0.000119s ]
INFO: Run Behavior\ParseTemplate [ RunTime:0.008831s ]
INFO: [ view_parse ] --END-- [ RunTime:0.008899s ]
INFO: [ view_filter ] --START--
INFO: Run Behavior\WriteHtmlCache [ RunTime:0.000272s ]
INFO: [ view_filter ] --END-- [ RunTime:0.000314s ]
INFO: [ app_end ] --START--
INFO: Run Behavior\ShowPageTrace [ RunTime:0.000596s ]
INFO: [ app_end ] --END-- [ RunTime:0.000644s ]

[ 2017-08-13T09:24:37+08:00 ] 127.0.0.1 /onethink/index.php?s=/Home/Index/index.html
SQL: SHOW COLUMNS FROM `onethink_category` [ RunTime:0.007330s ]
SQL: SELECT `id`,`name`,`title`,`pid`,`sort`,`list_row`,`meta_title`,`keywords`,`description`,`template_index`,`template_lists`,`template_detail`,`template_edit`,`model`,`type`,`link_id`,`allow_publish`,`display`,`reply`,`check`,`reply_model`,`extend`,`create_time`,`update_time`,`status`,`icon` FROM `onethink_category` WHERE ( `status` = 1 ) ORDER BY sort  [ RunTime:0.000455s ]
SQL: SHOW COLUMNS FROM `onethink_document` [ RunTime:0.008418s ]
SQL: SELECT `id`,`uid`,`name`,`title`,`category_id`,`description`,`root`,`pid`,`model_id`,`type`,`position`,`link_id`,`cover_id`,`display`,`deadline`,`attach`,`view`,`comment`,`extend`,`level`,`create_time`,`update_time`,`status` FROM `onethink_document` WHERE ( `status` = 1 ) AND ( `pid` = 0 ) AND ( `create_time` < 1502587477 ) AND ( deadline = 0 OR deadline > 1502587477 ) ORDER BY `id` DESC  [ RunTime:0.000450s ]
INFO: [ view_parse ] --START--
INFO: [ template_filter ] --START--
INFO: Run Behavior\ContentReplace [ RunTime:0.000067s ]
INFO: [ template_filter ] --END-- [ RunTime:0.000121s ]
INFO: Run Behavior\ParseTemplate [ RunTime:0.008935s ]
INFO: [ view_parse ] --END-- [ RunTime:0.009030s ]
INFO: [ view_filter ] --START--
INFO: Run Behavior\WriteHtmlCache [ RunTime:0.000304s ]
INFO: [ view_filter ] --END-- [ RunTime:0.000351s ]
INFO: [ app_end ] --START--
INFO: Run Behavior\ShowPageTrace [ RunTime:0.000659s ]
INFO: [ app_end ] --END-- [ RunTime:0.000710s ]

[ 2017-08-13T09:24:37+08:00 ] 127.0.0.1 /onethink/index.php?s=/Home/Index/index.html
SQL: SHOW COLUMNS FROM `onethink_category` [ RunTime:0.007372s ]
SQL: SELECT `id`,`name`,`title`,`pid`,`sort`,`list_row`,`meta_title`,`keywords`,`description`,`template_index`,`template_lists`,`template_detail`,`template_edit`,`model`,`type`,`link_id`,`allow_publish`,`display`,`reply`,`check`,`reply_model`,`extend`,`create_time`,`update_time`,`status`,`icon` FROM `onethink_category` WHERE ( `status` = 1 ) ORDER BY sort  [ RunTime:0.000447s ]
SQL: SHOW COLUMNS FROM `onethink_document` [ RunTime:0.008155s ]
SQL: SELECT `id`,`uid`,`name`,`title`,`category_id`,`description`,`root`,`pid`,`model_id`,`type`,`position`,`link_id`,`cover_id`,`display`,`deadline`,`attach`,`view`,`comment`,`extend`,`level`,`create_time`,`update_time`,`status` FROM `onethink_document` WHERE ( `status` = 1 ) AND ( `pid` = 0 ) AND ( `create_time` < 1502587477 ) AND ( deadline = 0 OR deadline > 1502587477 ) ORDER BY `id` DESC  [ RunTime:0.000484s ]
INFO: [ view_parse ] --START--
INFO: [ template_filter ] --START--
INFO: Run Behavior\ContentReplace [ RunTime:0.000065s ]
INFO: [ template_filter ] --END-- [ RunTime:0.000118s ]
INFO: Run Behavior\ParseTemplate [ RunTime:0.008786s ]
INFO: [ view_parse ] --END-- [ RunTime:0.008870s ]
INFO: [ view_filter ] --START--
INFO: Run Behavior\WriteHtmlCache [ RunTime:0.000397s ]
INFO: [ view_filter ] --END-- [ RunTime:0.000464s ]
INFO: [ app_end ] --START--
INFO: Run Behavior\ShowPageTrace [ RunTime:0.000891s ]
INFO: [ app_end ] --END-- [ RunTime:0.000966s ]

[ 2017-08-13T14:51:02+08:00 ] 127.0.0.1 /onethink/index.php?s=/Admin/Public/login.html
INFO: [ view_parse ] --START--
INFO: [ template_filter ] --START--
INFO: Run Behavior\ContentReplace [ RunTime:0.000079s ]
INFO: [ template_filter ] --END-- [ RunTime:0.000139s ]
INFO: Run Behavior\ParseTemplate [ RunTime:0.211041s ]
INFO: [ view_parse ] --END-- [ RunTime:0.211586s ]
INFO: [ view_filter ] --START--
INFO: Run Behavior\WriteHtmlCache [ RunTime:0.017350s ]
INFO: [ view_filter ] --END-- [ RunTime:0.017418s ]
INFO: [ app_end ] --START--
INFO: Run Behavior\ShowPageTrace [ RunTime:0.010745s ]
INFO: [ app_end ] --END-- [ RunTime:0.010839s ]

[ 2017-08-13T14:51:19+08:00 ] 127.0.0.1 /onethink/index.php?s=/Admin/Public/login.html
INFO: [ app_begin ] --START--
INFO: Run Behavior\ReadHtmlCache [ RunTime:0.000768s ]
INFO: [ app_begin ] --END-- [ RunTime:0.001404s ]
SQL: SHOW COLUMNS FROM `onethink_ucenter_member` [ RunTime:0.032079s ]
SQL: SELECT * FROM `onethink_ucenter_member` WHERE ( `username` = 'admin' ) LIMIT 1   [ RunTime:0.000479s ]
SQL: UPDATE `onethink_ucenter_member` SET `last_login_time`=1502607079,`last_login_ip`='2130706433' WHERE ( `id` = 1 ) [ RunTime:0.004145s ]
SQL: SHOW COLUMNS FROM `onethink_member` [ RunTime:0.017489s ]
SQL: SELECT `uid`,`nickname`,`sex`,`birthday`,`qq`,`score`,`login`,`reg_ip`,`reg_time`,`last_login_ip`,`last_login_time`,`status` FROM `onethink_member` WHERE ( `uid` = 1 ) LIMIT 1   [ RunTime:0.000366s ]
SQL: SHOW COLUMNS FROM `onethink_action` [ RunTime:0.018616s ]
SQL: SELECT * FROM `onethink_action` WHERE ( `name` = 'user_login' ) LIMIT 1   [ RunTime:0.000365s ]
SQL: SHOW COLUMNS FROM `onethink_member` [ RunTime:0.007148s ]
SQL: SELECT `nickname` FROM `onethink_member` WHERE ( `uid` = 1 ) LIMIT 1   [ RunTime:0.000262s ]
SQL: SHOW COLUMNS FROM `onethink_action_log` [ RunTime:0.030375s ]
SQL: INSERT INTO `onethink_action_log` (`action_id`,`user_id`,`action_ip`,`model`,`record_id`,`create_time`,`remark`) VALUES (1,1,2130706433,'member',1,1502607079,'admin在2017-08-13 14:51登录了后台') [ RunTime:0.002355s ]
SQL: SELECT * FROM `onethink_action` WHERE ( `name` = 'user_login' ) LIMIT 1   [ RunTime:0.000277s ]
NOTIC: [8] Undefined offset: 1 C:\phpStudy\WWW\onethink\Application\Common\Common\function.php 第 665 行.
NOTIC: [2] array_key_exists() expects parameter 2 to be array, null given C:\phpStudy\WWW\onethink\Application\Common\Common\function.php 第 665 行.
SQL: SELECT COUNT(*) AS tp_count FROM `onethink_action_log` WHERE ( `action_id` = 1 ) AND ( `user_id` = 1 ) AND ( `create_time` > 1502520679 ) LIMIT 1   [ RunTime:0.001554s ]
SQL: UPDATE `onethink_member` SET `login`=`login`+1,`last_login_time`=1502607079,`last_login_ip`='2130706433' WHERE ( `uid` = 1 ) [ RunTime:0.001313s ]

[ 2017-08-13T14:51:25+08:00 ] 127.0.0.1 /onethink/index.php?s=/Admin/Index/index.html
SQL: SHOW COLUMNS FROM `onethink_menu` [ RunTime:0.035174s ]
SQL: SELECT * FROM `onethink_menu` WHERE ( `pid` = 0 ) AND ( `hide` = 0 ) ORDER BY sort asc  [ RunTime:0.000670s ]
SQL: SELECT `id` FROM `onethink_menu` WHERE ( url like '%Index/index%' ) LIMIT 1   [ RunTime:0.000263s ]
SQL: SHOW COLUMNS FROM `onethink_menu` [ RunTime:0.009121s ]
SQL: SELECT `id`,`pid`,`title` FROM `onethink_menu` WHERE ( id=1 ) LIMIT 1   [ RunTime:0.000292s ]
SQL: SELECT DISTINCT  `group` FROM `onethink_menu` WHERE ( pid = 1 )  [ RunTime:0.001545s ]
SQL: SELECT `id`,`url` FROM `onethink_menu` WHERE ( `pid` = 1 ) AND ( `hide` = 0 )  [ RunTime:0.000249s ]
INFO: [ view_parse ] --START--
INFO: [ template_filter ] --START--
INFO: Run Behavior\ContentReplace [ RunTime:0.000216s ]
INFO: [ template_filter ] --END-- [ RunTime:0.000301s ]
INFO: [ AdminIndex ] --START--
SQL: SHOW COLUMNS FROM `onethink_addons` [ RunTime:0.024389s ]
SQL: SELECT `config` FROM `onethink_addons` WHERE ( `name` = 'SiteStat' ) AND ( `status` = 1 ) LIMIT 1   [ RunTime:0.000325s ]
SQL: SHOW COLUMNS FROM `onethink_member` [ RunTime:0.012189s ]
SQL: SELECT COUNT(*) AS tp_count FROM `onethink_member` LIMIT 1   [ RunTime:0.000219s ]
SQL: SHOW COLUMNS FROM `onethink_action_log` [ RunTime:0.009762s ]
SQL: SELECT COUNT(*) AS tp_count FROM `onethink_action_log` LIMIT 1   [ RunTime:0.000193s ]
SQL: SHOW COLUMNS FROM `onethink_document` [ RunTime:0.033821s ]
SQL: SELECT COUNT(*) AS tp_count FROM `onethink_document` LIMIT 1   [ RunTime:0.000199s ]
SQL: SHOW COLUMNS FROM `onethink_category` [ RunTime:0.029362s ]
SQL: SELECT COUNT(*) AS tp_count FROM `onethink_category` LIMIT 1   [ RunTime:0.000246s ]
SQL: SHOW COLUMNS FROM `onethink_model` [ RunTime:0.036364s ]
SQL: SELECT COUNT(*) AS tp_count FROM `onethink_model` LIMIT 1   [ RunTime:0.000183s ]
INFO: [ view_parse ] --START--
INFO: [ template_filter ] --START--
INFO: Run Behavior\ContentReplace [ RunTime:0.000051s ]
INFO: [ template_filter ] --END-- [ RunTime:-0.344166s ]
INFO: Run Behavior\ParseTemplate [ RunTime:0.020865s ]
INFO: [ view_parse ] --END-- [ RunTime:0.020960s ]
INFO: [ view_filter ] --START--
INFO: Run Behavior\WriteHtmlCache [ RunTime:0.000344s ]
INFO: [ view_filter ] --END-- [ RunTime:0.000408s ]
INFO: Run SiteStat [ RunTime:0.237530s ]
SQL: SELECT `config` FROM `onethink_addons` WHERE ( `name` = 'SystemInfo' ) AND ( `status` = 1 ) LIMIT 1   [ RunTime:0.000438s ]
INFO: [ view_parse ] --START--
INFO: [ template_filter ] --START--
INFO: Run Behavior\ContentReplace [ RunTime:0.000066s ]
INFO: [ template_filter ] --END-- [ RunTime:-5.916907s ]
SQL: select version() as v; [ RunTime:0.001316s ]
INFO: Run Behavior\ParseTemplate [ RunTime:0.049991s ]
INFO: [ view_parse ] --END-- [ RunTime:-5.551615s ]
INFO: [ view_filter ] --START--
INFO: Run Behavior\WriteHtmlCache [ RunTime:0.000017s ]
INFO: [ view_filter ] --END-- [ RunTime:-5.601261s ]
INFO: Run SystemInfo [ RunTime:5.601274s ]
SQL: SELECT `config` FROM `onethink_addons` WHERE ( `name` = 'DevTeam' ) AND ( `status` = 1 ) LIMIT 1   [ RunTime:0.000476s ]
INFO: [ view_parse ] --START--
INFO: [ template_filter ] --START--
INFO: Run Behavior\ContentReplace [ RunTime:0.000039s ]
INFO: [ template_filter ] --END-- [ RunTime:-5.992404s ]
INFO: Run Behavior\ParseTemplate [ RunTime:0.022220s ]
INFO: [ view_parse ] --END-- [ RunTime:-5.626804s ]
INFO: [ view_filter ] --START--
INFO: Run Behavior\WriteHtmlCache [ RunTime:0.000015s ]
INFO: [ view_filter ] --END-- [ RunTime:-5.648704s ]
INFO: Run DevTeam [ RunTime:0.047435s ]
INFO: [ AdminIndex ] --END-- [ RunTime:5.886355s ]
INFO: Run Behavior\ParseTemplate [ RunTime:0.022482s ]
INFO: [ view_parse ] --END-- [ RunTime:-5.626804s ]
INFO: [ view_filter ] --START--
INFO: Run Behavior\WriteHtmlCache [ RunTime:0.000012s ]
INFO: [ view_filter ] --END-- [ RunTime:-5.648924s ]
INFO: [ app_end ] --START--
INFO: Run Behavior\ShowPageTrace [ RunTime:0.000764s ]
INFO: [ app_end ] --END-- [ RunTime:0.000844s ]

[ 2017-08-13T14:51:37+08:00 ] 127.0.0.1 /onethink/index.php?s=/Admin/Xml/xml
ERR: 无法加载控制器:Xml

[ 2017-08-13T14:51:59+08:00 ] 127.0.0.1 /onethink/index.php?s=/Home/Index/index.html
SQL: SHOW COLUMNS FROM `onethink_category` [ RunTime:0.012444s ]
SQL: SELECT `id`,`name`,`title`,`pid`,`sort`,`list_row`,`meta_title`,`keywords`,`description`,`template_index`,`template_lists`,`template_detail`,`template_edit`,`model`,`type`,`link_id`,`allow_publish`,`display`,`reply`,`check`,`reply_model`,`extend`,`create_time`,`update_time`,`status`,`icon` FROM `onethink_category` WHERE ( `status` = 1 ) ORDER BY sort  [ RunTime:0.000517s ]
SQL: SHOW COLUMNS FROM `onethink_document` [ RunTime:0.010706s ]
SQL: SELECT `id`,`uid`,`name`,`title`,`category_id`,`description`,`root`,`pid`,`model_id`,`type`,`position`,`link_id`,`cover_id`,`display`,`deadline`,`attach`,`view`,`comment`,`extend`,`level`,`create_time`,`update_time`,`status` FROM `onethink_document` WHERE ( `status` = 1 ) AND ( `pid` = 0 ) AND ( `create_time` < 1502607119 ) AND ( deadline = 0 OR deadline > 1502607119 ) ORDER BY `id` DESC  [ RunTime:0.001039s ]
INFO: [ view_parse ] --START--
INFO: [ template_filter ] --START--
INFO: Run Behavior\ContentReplace [ RunTime:0.000069s ]
INFO: [ template_filter ] --END-- [ RunTime:0.000124s ]
INFO: Run Behavior\ParseTemplate [ RunTime:0.117804s ]
INFO: [ view_parse ] --END-- [ RunTime:0.117928s ]
INFO: [ view_filter ] --START--
INFO: Run Behavior\WriteHtmlCache [ RunTime:0.000301s ]
INFO: [ view_filter ] --END-- [ RunTime:0.000348s ]
INFO: [ app_end ] --START--
INFO: Run Behavior\ShowPageTrace [ RunTime:0.000487s ]
INFO: [ app_end ] --END-- [ RunTime:0.000533s ]

[ 2017-08-13T14:52:15+08:00 ] 127.0.0.1 /onethink/index.php?s=/Home/Index/index.html
SQL: SHOW COLUMNS FROM `onethink_category` [ RunTime:0.012997s ]
SQL: SELECT `id`,`name`,`title`,`pid`,`sort`,`list_row`,`meta_title`,`keywords`,`description`,`template_index`,`template_lists`,`template_detail`,`template_edit`,`model`,`type`,`link_id`,`allow_publish`,`display`,`reply`,`check`,`reply_model`,`extend`,`create_time`,`update_time`,`status`,`icon` FROM `onethink_category` WHERE ( `status` = 1 ) ORDER BY sort  [ RunTime:0.000484s ]
SQL: SHOW COLUMNS FROM `onethink_document` [ RunTime:0.011849s ]
SQL: SELECT `id`,`uid`,`name`,`title`,`category_id`,`description`,`root`,`pid`,`model_id`,`type`,`position`,`link_id`,`cover_id`,`display`,`deadline`,`attach`,`view`,`comment`,`extend`,`level`,`create_time`,`update_time`,`status` FROM `onethink_document` WHERE ( `status` = 1 ) AND ( `pid` = 0 ) AND ( `create_time` < 1502607135 ) AND ( deadline = 0 OR deadline > 1502607135 ) ORDER BY `id` DESC  [ RunTime:0.000547s ]
INFO: [ view_parse ] --START--
INFO: [ template_filter ] --START--
INFO: Run Behavior\ContentReplace [ RunTime:0.000116s ]
INFO: [ template_filter ] --END-- [ RunTime:0.000196s ]
INFO: Run Behavior\ParseTemplate [ RunTime:0.011989s ]
INFO: [ view_parse ] --END-- [ RunTime:0.012060s ]
INFO: [ view_filter ] --START--
INFO: Run Behavior\WriteHtmlCache [ RunTime:0.000273s ]
INFO: [ view_filter ] --END-- [ RunTime:0.000315s ]
INFO: [ app_end ] --START--
INFO: Run Behavior\ShowPageTrace [ RunTime:0.000507s ]
INFO: [ app_end ] --END-- [ RunTime:0.000556s ]

[ 2017-08-13T14:52:37+08:00 ] 127.0.0.1 /onethink/index.php?s=/Home/Index/index.html
SQL: SHOW COLUMNS FROM `onethink_category` [ RunTime:0.019037s ]
SQL: SELECT `id`,`name`,`title`,`pid`,`sort`,`list_row`,`meta_title`,`keywords`,`description`,`template_index`,`template_lists`,`template_detail`,`template_edit`,`model`,`type`,`link_id`,`allow_publish`,`display`,`reply`,`check`,`reply_model`,`extend`,`create_time`,`update_time`,`status`,`icon` FROM `onethink_category` WHERE ( `status` = 1 ) ORDER BY sort  [ RunTime:0.000487s ]
SQL: SHOW COLUMNS FROM `onethink_document` [ RunTime:0.012824s ]
SQL: SELECT `id`,`uid`,`name`,`title`,`category_id`,`description`,`root`,`pid`,`model_id`,`type`,`position`,`link_id`,`cover_id`,`display`,`deadline`,`attach`,`view`,`comment`,`extend`,`level`,`create_time`,`update_time`,`status` FROM `onethink_document` WHERE ( `status` = 1 ) AND ( `pid` = 0 ) AND ( `create_time` < 1502607157 ) AND ( deadline = 0 OR deadline > 1502607157 ) ORDER BY `id` DESC  [ RunTime:0.000405s ]
INFO: [ view_parse ] --START--
INFO: [ template_filter ] --START--
INFO: Run Behavior\ContentReplace [ RunTime:0.000100s ]
INFO: [ template_filter ] --END-- [ RunTime:0.000189s ]
INFO: Run Behavior\ParseTemplate [ RunTime:0.011745s ]
INFO: [ view_parse ] --END-- [ RunTime:0.011841s ]
INFO: [ view_filter ] --START--
INFO: Run Behavior\WriteHtmlCache [ RunTime:0.000382s ]
INFO: [ view_filter ] --END-- [ RunTime:0.000457s ]
INFO: [ app_end ] --START--
INFO: Run Behavior\ShowPageTrace [ RunTime:0.000686s ]
INFO: [ app_end ] --END-- [ RunTime:0.000752s ]

[ 2017-08-13T14:53:17+08:00 ] 127.0.0.1 /onethink/index.php?s=/Home/Index/index.html
SQL: SHOW COLUMNS FROM `onethink_category` [ RunTime:0.011939s ]
SQL: SELECT `id`,`name`,`title`,`pid`,`sort`,`list_row`,`meta_title`,`keywords`,`description`,`template_index`,`template_lists`,`template_detail`,`template_edit`,`model`,`type`,`link_id`,`allow_publish`,`display`,`reply`,`check`,`reply_model`,`extend`,`create_time`,`update_time`,`status`,`icon` FROM `onethink_category` WHERE ( `status` = 1 ) ORDER BY sort  [ RunTime:0.000526s ]
SQL: SHOW COLUMNS FROM `onethink_document` [ RunTime:0.012332s ]
SQL: SELECT `id`,`uid`,`name`,`title`,`category_id`,`description`,`root`,`pid`,`model_id`,`type`,`position`,`link_id`,`cover_id`,`display`,`deadline`,`attach`,`view`,`comment`,`extend`,`level`,`create_time`,`update_time`,`status` FROM `onethink_document` WHERE ( `status` = 1 ) AND ( `pid` = 0 ) AND ( `create_time` < 1502607197 ) AND ( deadline = 0 OR deadline > 1502607197 ) ORDER BY `id` DESC  [ RunTime:0.000473s ]
INFO: [ view_parse ] --START--
INFO: [ template_filter ] --START--
INFO: Run Behavior\ContentReplace [ RunTime:0.000079s ]
INFO: [ template_filter ] --END-- [ RunTime:0.000134s ]
INFO: Run Behavior\ParseTemplate [ RunTime:0.011403s ]
INFO: [ view_parse ] --END-- [ RunTime:0.011547s ]
INFO: [ view_filter ] --START--
INFO: Run Behavior\WriteHtmlCache [ RunTime:0.000474s ]
INFO: [ view_filter ] --END-- [ RunTime:0.000542s ]
INFO: [ app_end ] --START--
INFO: Run Behavior\ShowPageTrace [ RunTime:0.002086s ]
INFO: [ app_end ] --END-- [ RunTime:0.002141s ]

