[ 2017-08-12T17:51:11+08:00 ] 127.0.0.1 /onethink/index.php?s=/Home/Index/index.html
SQL: SHOW COLUMNS FROM `onethink_category` [ RunTime:0.061952s ]
SQL: SELECT `id`,`name`,`title`,`pid`,`sort`,`list_row`,`meta_title`,`keywords`,`description`,`template_index`,`template_lists`,`template_detail`,`template_edit`,`model`,`type`,`link_id`,`allow_publish`,`display`,`reply`,`check`,`reply_model`,`extend`,`create_time`,`update_time`,`status`,`icon` FROM `onethink_category` WHERE ( `status` = 1 ) ORDER BY sort  [ RunTime:0.002001s ]
SQL: SHOW COLUMNS FROM `onethink_document` [ RunTime:0.069228s ]
SQL: SELECT `id`,`uid`,`name`,`title`,`category_id`,`description`,`root`,`pid`,`model_id`,`type`,`position`,`link_id`,`cover_id`,`display`,`deadline`,`attach`,`view`,`comment`,`extend`,`level`,`create_time`,`update_time`,`status` FROM `onethink_document` WHERE ( `status` = 1 ) AND ( `pid` = 0 ) AND ( `create_time` < 1502531470 ) AND ( deadline = 0 OR deadline > 1502531470 ) ORDER BY `id` DESC  [ RunTime:0.002100s ]
INFO: [ view_parse ] --START--
INFO: [ template_filter ] --START--
INFO: Run Behavior\ContentReplace [ RunTime:0.000302s ]
INFO: [ template_filter ] --END-- [ RunTime:0.000426s ]
SQL: SHOW COLUMNS FROM `onethink_channel` [ RunTime:0.076366s ]
SQL: SELECT `id`,`pid`,`title`,`url`,`sort`,`create_time`,`update_time`,`status`,`target` FROM `onethink_channel` WHERE ( status=1 ) ORDER BY sort  [ RunTime:0.000740s ]
SQL: SELECT `id`,`name`,`title`,`pid`,`sort`,`list_row`,`meta_title`,`keywords`,`description`,`template_index`,`template_lists`,`template_detail`,`template_edit`,`model`,`type`,`link_id`,`allow_publish`,`display`,`reply`,`check`,`reply_model`,`extend`,`create_time`,`update_time`,`status`,`icon` FROM `onethink_category` WHERE ( `id` = 1 ) LIMIT 1   [ RunTime:0.000906s ]
SQL: SELECT `id`,`name`,`pid`,`title`,`link_id` FROM `onethink_category` WHERE ( `status` = 1 ) ORDER BY sort  [ RunTime:0.000629s ]
INFO: [ view_parse ] --START--
INFO: [ template_filter ] --START--
INFO: Run Behavior\ContentReplace [ RunTime:0.000076s ]
INFO: [ template_filter ] --END-- [ RunTime:-0.302418s ]
INFO: Run Behavior\ParseTemplate [ RunTime:0.057848s ]
INFO: [ view_parse ] --END-- [ RunTime:0.057976s ]
INFO: [ view_filter ] --START--
INFO: Run Behavior\WriteHtmlCache [ RunTime:0.000566s ]
INFO: [ view_filter ] --END-- [ RunTime:0.000670s ]
SQL: SELECT `id`,`name`,`title`,`pid`,`sort`,`list_row`,`meta_title`,`keywords`,`description`,`template_index`,`template_lists`,`template_detail`,`template_edit`,`model`,`type`,`link_id`,`allow_publish`,`display`,`reply`,`check`,`reply_model`,`extend`,`create_time`,`update_time`,`status`,`icon` FROM `onethink_category` WHERE ( `id` = 1 ) LIMIT 1   [ RunTime:0.000865s ]
SQL: SELECT `id`,`name`,`pid`,`title`,`link_id` FROM `onethink_category` WHERE ( `status` = 1 ) ORDER BY sort  [ RunTime:0.000619s ]
SQL: SELECT `id`,`uid`,`name`,`title`,`category_id`,`description`,`root`,`pid`,`model_id`,`type`,`position`,`link_id`,`cover_id`,`display`,`deadline`,`attach`,`view`,`comment`,`extend`,`level`,`create_time`,`update_time`,`status` FROM `onethink_document` WHERE ( `status` = 1 ) AND ( `pid` = 0 ) AND ( `category_id` = 2 ) AND ( `create_time` < 1502531470 ) AND ( deadline = 0 OR deadline > 1502531470 ) ORDER BY `level` DESC,`id` DESC LIMIT 0,10   [ RunTime:0.001005s ]
INFO: Run Behavior\ParseTemplate [ RunTime:0.063795s ]
INFO: [ view_parse ] --END-- [ RunTime:0.057976s ]
INFO: [ view_filter ] --START--
INFO: Run Behavior\WriteHtmlCache [ RunTime:0.000032s ]
INFO: [ view_filter ] --END-- [ RunTime:-0.005276s ]
INFO: [ app_end ] --START--
INFO: Run Behavior\ShowPageTrace [ RunTime:0.001312s ]
INFO: [ app_end ] --END-- [ RunTime:0.001435s ]

[ 2017-08-12T17:51:15+08:00 ] 127.0.0.1 /onethink/index.php?s=/Home/User/login.html
INFO: [ view_parse ] --START--
INFO: [ template_filter ] --START--
INFO: Run Behavior\ContentReplace [ RunTime:0.000130s ]
INFO: [ template_filter ] --END-- [ RunTime:0.000189s ]
SQL: SHOW COLUMNS FROM `onethink_channel` [ RunTime:0.017357s ]
SQL: SELECT `id`,`pid`,`title`,`url`,`sort`,`create_time`,`update_time`,`status`,`target` FROM `onethink_channel` WHERE ( status=1 ) ORDER BY sort  [ RunTime:0.000424s ]
INFO: Run Behavior\ParseTemplate [ RunTime:0.097342s ]
INFO: [ view_parse ] --END-- [ RunTime:0.097815s ]
INFO: [ view_filter ] --START--
INFO: Run Behavior\WriteHtmlCache [ RunTime:0.000337s ]
INFO: [ view_filter ] --END-- [ RunTime:0.000384s ]
INFO: [ app_end ] --START--
INFO: Run Behavior\ShowPageTrace [ RunTime:0.000496s ]
INFO: [ app_end ] --END-- [ RunTime:0.000540s ]

[ 2017-08-12T17:51:15+08:00 ] 127.0.0.1 /onethink/index.php?s=/Home/User/verify.html
INFO: [ app_end ] --START--
INFO: Run Behavior\ShowPageTrace [ RunTime:0.000595s ]
INFO: [ app_end ] --END-- [ RunTime:0.001181s ]

[ 2017-08-12T17:52:26+08:00 ] 127.0.0.1 /onethink/index.php?s=/Home/User/verify.html&random=0.8947442146771241
INFO: [ app_end ] --START--
INFO: Run Behavior\ShowPageTrace [ RunTime:0.000851s ]
INFO: [ app_end ] --END-- [ RunTime:0.001757s ]

[ 2017-08-12T17:52:36+08:00 ] 127.0.0.1 /onethink/index.php?s=/Home/User/login.html
INFO: [ app_begin ] --START--
INFO: Run Behavior\ReadHtmlCache [ RunTime:0.000724s ]
INFO: [ app_begin ] --END-- [ RunTime:0.001257s ]
SQL: SHOW COLUMNS FROM `onethink_config` [ RunTime:0.016210s ]
SQL: SELECT `type`,`name`,`value` FROM `onethink_config` WHERE ( `status` = 1 )  [ RunTime:0.000434s ]

[ 2017-08-12T17:52:36+08:00 ] 127.0.0.1 /onethink/index.php?s=/Home/User/verify.html&random=0.10249949472786568
INFO: [ app_end ] --START--
INFO: Run Behavior\ShowPageTrace [ RunTime:0.000641s ]
INFO: [ app_end ] --END-- [ RunTime:0.001102s ]

[ 2017-08-12T17:52:52+08:00 ] 127.0.0.1 /onethink/index.php?s=/Home/User/login.html
INFO: [ app_begin ] --START--
INFO: Run Behavior\ReadHtmlCache [ RunTime:0.000558s ]
INFO: [ app_begin ] --END-- [ RunTime:0.000928s ]
SQL: SHOW COLUMNS FROM `onethink_config` [ RunTime:0.015358s ]
SQL: SELECT `type`,`name`,`value` FROM `onethink_config` WHERE ( `status` = 1 )  [ RunTime:0.000450s ]
SQL: SHOW COLUMNS FROM `onethink_ucenter_member` [ RunTime:0.029392s ]
SQL: SELECT * FROM `onethink_ucenter_member` WHERE ( `username` = 'admin' ) LIMIT 1   [ RunTime:0.000958s ]
SQL: UPDATE `onethink_ucenter_member` SET `last_login_time`=1502531572,`last_login_ip`='2130706433' WHERE ( `id` = 1 ) [ RunTime:0.006300s ]
SQL: SHOW COLUMNS FROM `onethink_member` [ RunTime:0.035530s ]
SQL: SELECT `uid`,`nickname`,`sex`,`birthday`,`qq`,`score`,`login`,`reg_ip`,`reg_time`,`last_login_ip`,`last_login_time`,`status` FROM `onethink_member` WHERE ( `uid` = 1 ) LIMIT 1   [ RunTime:0.000381s ]
SQL: UPDATE `onethink_member` SET `login`=`login`+1,`last_login_time`=1502531572,`last_login_ip`='2130706433' WHERE ( `uid` = 1 ) [ RunTime:0.003026s ]
SQL: SHOW COLUMNS FROM `onethink_action` [ RunTime:0.060691s ]
SQL: SELECT * FROM `onethink_action` WHERE ( `name` = 'user_login' ) LIMIT 1   [ RunTime:0.000738s ]
SQL: SHOW COLUMNS FROM `onethink_action_log` [ RunTime:0.192666s ]
SQL: INSERT INTO `onethink_action_log` (`action_id`,`user_id`,`action_ip`,`model`,`record_id`,`create_time`,`remark`) VALUES (1,1,2130706433,'member',1,1502531572,'admin在2017-08-12 17:52登录了后台') [ RunTime:0.003810s ]
SQL: SELECT * FROM `onethink_action` WHERE ( `name` = 'user_login' ) LIMIT 1   [ RunTime:0.000810s ]
NOTIC: [8] Undefined offset: 1 C:\phpStudy\WWW\onethink\Application\Common\Common\function.php 第 665 行.
NOTIC: [2] array_key_exists() expects parameter 2 to be array, null given C:\phpStudy\WWW\onethink\Application\Common\Common\function.php 第 665 行.
SQL: SELECT COUNT(*) AS tp_count FROM `onethink_action_log` WHERE ( `action_id` = 1 ) AND ( `user_id` = 1 ) AND ( `create_time` > 1502445172 ) LIMIT 1   [ RunTime:0.007086s ]
SQL: SHOW COLUMNS FROM `onethink_member` [ RunTime:0.023780s ]
SQL: UPDATE `onethink_member` SET `score`=score+10 WHERE ( uid=1 AND status>-1 ) [ RunTime:0.001522s ]

[ 2017-08-12T17:52:53+08:00 ] 127.0.0.1 /onethink/index.php?s=/Home/Index/index.html
SQL: SHOW COLUMNS FROM `onethink_category` [ RunTime:0.039359s ]
SQL: SELECT `id`,`name`,`title`,`pid`,`sort`,`list_row`,`meta_title`,`keywords`,`description`,`template_index`,`template_lists`,`template_detail`,`template_edit`,`model`,`type`,`link_id`,`allow_publish`,`display`,`reply`,`check`,`reply_model`,`extend`,`create_time`,`update_time`,`status`,`icon` FROM `onethink_category` WHERE ( `status` = 1 ) ORDER BY sort  [ RunTime:0.001679s ]
SQL: SHOW COLUMNS FROM `onethink_document` [ RunTime:0.028907s ]
SQL: SELECT `id`,`uid`,`name`,`title`,`category_id`,`description`,`root`,`pid`,`model_id`,`type`,`position`,`link_id`,`cover_id`,`display`,`deadline`,`attach`,`view`,`comment`,`extend`,`level`,`create_time`,`update_time`,`status` FROM `onethink_document` WHERE ( `status` = 1 ) AND ( `pid` = 0 ) AND ( `create_time` < 1502531572 ) AND ( deadline = 0 OR deadline > 1502531572 ) ORDER BY `id` DESC  [ RunTime:0.001014s ]
INFO: [ view_parse ] --START--
INFO: [ template_filter ] --START--
INFO: Run Behavior\ContentReplace [ RunTime:0.000309s ]
INFO: [ template_filter ] --END-- [ RunTime:0.000445s ]
SQL: SHOW COLUMNS FROM `onethink_channel` [ RunTime:0.015944s ]
SQL: SELECT `id`,`pid`,`title`,`url`,`sort`,`create_time`,`update_time`,`status`,`target` FROM `onethink_channel` WHERE ( status=1 ) ORDER BY sort  [ RunTime:0.000572s ]
SQL: SELECT `id`,`name`,`title`,`pid`,`sort`,`list_row`,`meta_title`,`keywords`,`description`,`template_index`,`template_lists`,`template_detail`,`template_edit`,`model`,`type`,`link_id`,`allow_publish`,`display`,`reply`,`check`,`reply_model`,`extend`,`create_time`,`update_time`,`status`,`icon` FROM `onethink_category` WHERE ( `id` = 1 ) LIMIT 1   [ RunTime:0.000596s ]
SQL: SELECT `id`,`name`,`pid`,`title`,`link_id` FROM `onethink_category` WHERE ( `status` = 1 ) ORDER BY sort  [ RunTime:0.000494s ]
INFO: [ view_parse ] --START--
INFO: [ template_filter ] --START--
INFO: Run Behavior\ContentReplace [ RunTime:0.000049s ]
INFO: [ template_filter ] --END-- [ RunTime:-0.031627s ]
INFO: Run Behavior\ParseTemplate [ RunTime:0.007098s ]
INFO: [ view_parse ] --END-- [ RunTime:0.007189s ]
INFO: [ view_filter ] --START--
INFO: Run Behavior\WriteHtmlCache [ RunTime:0.000745s ]
INFO: [ view_filter ] --END-- [ RunTime:0.000809s ]
SQL: SELECT `id`,`name`,`title`,`pid`,`sort`,`list_row`,`meta_title`,`keywords`,`description`,`template_index`,`template_lists`,`template_detail`,`template_edit`,`model`,`type`,`link_id`,`allow_publish`,`display`,`reply`,`check`,`reply_model`,`extend`,`create_time`,`update_time`,`status`,`icon` FROM `onethink_category` WHERE ( `id` = 1 ) LIMIT 1   [ RunTime:0.000613s ]
SQL: SELECT `id`,`name`,`pid`,`title`,`link_id` FROM `onethink_category` WHERE ( `status` = 1 ) ORDER BY sort  [ RunTime:0.000487s ]
SQL: SELECT `id`,`uid`,`name`,`title`,`category_id`,`description`,`root`,`pid`,`model_id`,`type`,`position`,`link_id`,`cover_id`,`display`,`deadline`,`attach`,`view`,`comment`,`extend`,`level`,`create_time`,`update_time`,`status` FROM `onethink_document` WHERE ( `status` = 1 ) AND ( `pid` = 0 ) AND ( `category_id` = 2 ) AND ( `create_time` < 1502531572 ) AND ( deadline = 0 OR deadline > 1502531572 ) ORDER BY `level` DESC,`id` DESC LIMIT 0,10   [ RunTime:0.000590s ]
INFO: Run Behavior\ParseTemplate [ RunTime:0.011115s ]
INFO: [ view_parse ] --END-- [ RunTime:0.007189s ]
INFO: [ view_filter ] --START--
INFO: Run Behavior\WriteHtmlCache [ RunTime:0.000015s ]
INFO: [ view_filter ] --END-- [ RunTime:-0.003180s ]
INFO: [ app_end ] --START--
INFO: Run Behavior\ShowPageTrace [ RunTime:0.001044s ]
INFO: [ app_end ] --END-- [ RunTime:0.001114s ]

[ 2017-08-12T17:53:07+08:00 ] 127.0.0.1 /onethink/index.php?s=/Home/User/logout.html
SQL: SHOW COLUMNS FROM `onethink_member` [ RunTime:0.011159s ]
INFO: [ view_parse ] --START--
INFO: [ template_filter ] --START--
INFO: Run Behavior\ContentReplace [ RunTime:0.000041s ]
INFO: [ template_filter ] --END-- [ RunTime:0.000110s ]
INFO: Run Behavior\ParseTemplate [ RunTime:0.053633s ]
INFO: [ view_parse ] --END-- [ RunTime:0.053713s ]
INFO: [ view_filter ] --START--
INFO: Run Behavior\WriteHtmlCache [ RunTime:0.000260s ]
INFO: [ view_filter ] --END-- [ RunTime:0.000302s ]
INFO: [ app_end ] --START--
INFO: Run Behavior\ShowPageTrace [ RunTime:0.000602s ]
INFO: [ app_end ] --END-- [ RunTime:0.000648s ]

[ 2017-08-12T17:53:08+08:00 ] 127.0.0.1 /onethink/index.php?s=/Home/User/login.html
INFO: [ view_parse ] --START--
INFO: [ template_filter ] --START--
INFO: Run Behavior\ContentReplace [ RunTime:0.000169s ]
INFO: [ template_filter ] --END-- [ RunTime:0.000239s ]
SQL: SHOW COLUMNS FROM `onethink_channel` [ RunTime:0.020390s ]
SQL: SELECT `id`,`pid`,`title`,`url`,`sort`,`create_time`,`update_time`,`status`,`target` FROM `onethink_channel` WHERE ( status=1 ) ORDER BY sort  [ RunTime:0.000434s ]
INFO: Run Behavior\ParseTemplate [ RunTime:0.104269s ]
INFO: [ view_parse ] --END-- [ RunTime:0.104754s ]
INFO: [ view_filter ] --START--
INFO: Run Behavior\WriteHtmlCache [ RunTime:0.000404s ]
INFO: [ view_filter ] --END-- [ RunTime:0.000455s ]
INFO: [ app_end ] --START--
INFO: Run Behavior\ShowPageTrace [ RunTime:0.000747s ]
INFO: [ app_end ] --END-- [ RunTime:0.000804s ]

[ 2017-08-12T17:53:08+08:00 ] 127.0.0.1 /onethink/index.php?s=/Home/User/verify.html
INFO: [ app_end ] --START--
INFO: Run Behavior\ShowPageTrace [ RunTime:0.001272s ]
INFO: [ app_end ] --END-- [ RunTime:0.001843s ]

[ 2017-08-12T18:01:33+08:00 ] 127.0.0.1 /onethink/index.php?s=/Home/User/login.html
INFO: [ view_parse ] --START--
INFO: [ template_filter ] --START--
INFO: Run Behavior\ContentReplace [ RunTime:0.000130s ]
INFO: [ template_filter ] --END-- [ RunTime:0.000184s ]
SQL: SHOW COLUMNS FROM `onethink_channel` [ RunTime:0.017729s ]
SQL: SELECT `id`,`pid`,`title`,`url`,`sort`,`create_time`,`update_time`,`status`,`target` FROM `onethink_channel` WHERE ( status=1 ) ORDER BY sort  [ RunTime:0.000512s ]
INFO: Run Behavior\ParseTemplate [ RunTime:0.102222s ]
INFO: [ view_parse ] --END-- [ RunTime:0.102698s ]
INFO: [ view_filter ] --START--
INFO: Run Behavior\WriteHtmlCache [ RunTime:0.000469s ]
INFO: [ view_filter ] --END-- [ RunTime:0.000514s ]
INFO: [ app_end ] --START--
INFO: Run Behavior\ShowPageTrace [ RunTime:0.000564s ]
INFO: [ app_end ] --END-- [ RunTime:0.000608s ]

[ 2017-08-12T18:01:33+08:00 ] 127.0.0.1 /onethink/index.php?s=/Home/User/verify.html
INFO: [ app_end ] --START--
INFO: Run Behavior\ShowPageTrace [ RunTime:0.000598s ]
INFO: [ app_end ] --END-- [ RunTime:0.001089s ]

[ 2017-08-12T18:01:35+08:00 ] 127.0.0.1 /onethink/index.php?s=/Home/User/login.html
INFO: [ view_parse ] --START--
INFO: [ template_filter ] --START--
INFO: Run Behavior\ContentReplace [ RunTime:0.000133s ]
INFO: [ template_filter ] --END-- [ RunTime:0.000206s ]
SQL: SHOW COLUMNS FROM `onethink_channel` [ RunTime:0.023458s ]
SQL: SELECT `id`,`pid`,`title`,`url`,`sort`,`create_time`,`update_time`,`status`,`target` FROM `onethink_channel` WHERE ( status=1 ) ORDER BY sort  [ RunTime:0.000366s ]
INFO: Run Behavior\ParseTemplate [ RunTime:0.102301s ]
INFO: [ view_parse ] --END-- [ RunTime:0.102810s ]
INFO: [ view_filter ] --START--
INFO: Run Behavior\WriteHtmlCache [ RunTime:0.000397s ]
INFO: [ view_filter ] --END-- [ RunTime:0.000441s ]
INFO: [ app_end ] --START--
INFO: Run Behavior\ShowPageTrace [ RunTime:0.000503s ]
INFO: [ app_end ] --END-- [ RunTime:0.000550s ]

[ 2017-08-12T18:01:35+08:00 ] 127.0.0.1 /onethink/index.php?s=/Home/User/verify.html
INFO: [ app_end ] --START--
INFO: Run Behavior\ShowPageTrace [ RunTime:0.000931s ]
INFO: [ app_end ] --END-- [ RunTime:0.001723s ]

[ 2017-08-12T18:01:44+08:00 ] 127.0.0.1 /onethink/index.php?s=/Home/User/login.html
INFO: [ view_parse ] --START--
INFO: [ template_filter ] --START--
INFO: Run Behavior\ContentReplace [ RunTime:0.000133s ]
INFO: [ template_filter ] --END-- [ RunTime:0.000195s ]
SQL: SHOW COLUMNS FROM `onethink_channel` [ RunTime:0.018468s ]
SQL: SELECT `id`,`pid`,`title`,`url`,`sort`,`create_time`,`update_time`,`status`,`target` FROM `onethink_channel` WHERE ( status=1 ) ORDER BY sort  [ RunTime:0.000388s ]
INFO: Run Behavior\ParseTemplate [ RunTime:0.081953s ]
INFO: [ view_parse ] --END-- [ RunTime:0.082387s ]
INFO: [ view_filter ] --START--
INFO: Run Behavior\WriteHtmlCache [ RunTime:0.000353s ]
INFO: [ view_filter ] --END-- [ RunTime:0.000393s ]
INFO: [ app_end ] --START--
INFO: Run Behavior\ShowPageTrace [ RunTime:0.000503s ]
INFO: [ app_end ] --END-- [ RunTime:0.000548s ]

[ 2017-08-12T18:01:44+08:00 ] 127.0.0.1 /onethink/index.php?s=/Home/User/verify.html
INFO: [ app_end ] --START--
INFO: Run Behavior\ShowPageTrace [ RunTime:0.000521s ]
INFO: [ app_end ] --END-- [ RunTime:0.001084s ]

[ 2017-08-12T18:01:47+08:00 ] 127.0.0.1 /onethink/index.php?s=/Home/User/login.html
INFO: [ view_parse ] --START--
INFO: [ template_filter ] --START--
INFO: Run Behavior\ContentReplace [ RunTime:0.000126s ]
INFO: [ template_filter ] --END-- [ RunTime:0.000180s ]
SQL: SHOW COLUMNS FROM `onethink_channel` [ RunTime:0.018392s ]
SQL: SELECT `id`,`pid`,`title`,`url`,`sort`,`create_time`,`update_time`,`status`,`target` FROM `onethink_channel` WHERE ( status=1 ) ORDER BY sort  [ RunTime:0.000392s ]
INFO: Run Behavior\ParseTemplate [ RunTime:0.082443s ]
INFO: [ view_parse ] --END-- [ RunTime:0.082909s ]
INFO: [ view_filter ] --START--
INFO: Run Behavior\WriteHtmlCache [ RunTime:0.000376s ]
INFO: [ view_filter ] --END-- [ RunTime:0.000422s ]
INFO: [ app_end ] --START--
INFO: Run Behavior\ShowPageTrace [ RunTime:0.001208s ]
INFO: [ app_end ] --END-- [ RunTime:0.001289s ]

[ 2017-08-12T18:01:47+08:00 ] 127.0.0.1 /onethink/index.php?s=/Home/User/verify.html
INFO: [ app_end ] --START--
INFO: Run Behavior\ShowPageTrace [ RunTime:0.000497s ]
INFO: [ app_end ] --END-- [ RunTime:0.001033s ]

[ 2017-08-12T18:03:27+08:00 ] 127.0.0.1 /onethink/index.php?s=/Home/User/login.html
INFO: [ view_parse ] --START--
INFO: [ template_filter ] --START--
INFO: Run Behavior\ContentReplace [ RunTime:0.000051s ]
INFO: [ template_filter ] --END-- [ RunTime:0.000109s ]
INFO: Run Behavior\ParseTemplate [ RunTime:0.018269s ]
INFO: [ view_parse ] --END-- [ RunTime:0.018691s ]
INFO: [ view_filter ] --START--
INFO: Run Behavior\WriteHtmlCache [ RunTime:0.000265s ]
INFO: [ view_filter ] --END-- [ RunTime:0.000307s ]
INFO: [ app_end ] --START--
INFO: Run Behavior\ShowPageTrace [ RunTime:0.000486s ]
INFO: [ app_end ] --END-- [ RunTime:0.000531s ]

[ 2017-08-12T18:03:27+08:00 ] 127.0.0.1 /onethink/index.php?s=/Home/User/verify.html
INFO: [ app_end ] --START--
INFO: Run Behavior\ShowPageTrace [ RunTime:0.000541s ]
INFO: [ app_end ] --END-- [ RunTime:0.001116s ]

[ 2017-08-12T18:03:53+08:00 ] 127.0.0.1 /onethink/index.php?s=/Home/User/login.html
SQL: SHOW COLUMNS FROM `onethink_ucenter_member` [ RunTime:0.013324s ]
SQL: SELECT * FROM `onethink_ucenter_member` WHERE ( `username` = 'admin' ) LIMIT 1   [ RunTime:0.000477s ]
SQL: UPDATE `onethink_ucenter_member` SET `last_login_time`=1502532233,`last_login_ip`='2130706433' WHERE ( `id` = 1 ) [ RunTime:0.000531s ]
SQL: SHOW COLUMNS FROM `onethink_member` [ RunTime:0.012266s ]
SQL: SELECT `uid`,`nickname`,`sex`,`birthday`,`qq`,`score`,`login`,`reg_ip`,`reg_time`,`last_login_ip`,`last_login_time`,`status` FROM `onethink_member` WHERE ( `uid` = 1 ) LIMIT 1   [ RunTime:0.000344s ]
SQL: UPDATE `onethink_member` SET `login`=`login`+1,`last_login_time`=1502532233,`last_login_ip`='2130706433' WHERE ( `uid` = 1 ) [ RunTime:0.000306s ]
SQL: SHOW COLUMNS FROM `onethink_action` [ RunTime:0.017871s ]
SQL: SELECT * FROM `onethink_action` WHERE ( `name` = 'user_login' ) LIMIT 1   [ RunTime:0.000414s ]
SQL: SHOW COLUMNS FROM `onethink_action_log` [ RunTime:0.012897s ]
SQL: INSERT INTO `onethink_action_log` (`action_id`,`user_id`,`action_ip`,`model`,`record_id`,`create_time`,`remark`) VALUES (1,1,2130706433,'member',1,1502532233,'admin在2017-08-12 18:03登录了后台') [ RunTime:0.000433s ]
SQL: SELECT * FROM `onethink_action` WHERE ( `name` = 'user_login' ) LIMIT 1   [ RunTime:0.000312s ]
NOTIC: [8] Undefined offset: 1 C:\phpStudy\WWW\onethink\Application\Common\Common\function.php 第 665 行.
NOTIC: [2] array_key_exists() expects parameter 2 to be array, null given C:\phpStudy\WWW\onethink\Application\Common\Common\function.php 第 665 行.
SQL: SELECT COUNT(*) AS tp_count FROM `onethink_action_log` WHERE ( `action_id` = 1 ) AND ( `user_id` = 1 ) AND ( `create_time` > 1502445833 ) LIMIT 1   [ RunTime:0.000392s ]
INFO: [ view_parse ] --START--
INFO: [ template_filter ] --START--
INFO: Run Behavior\ContentReplace [ RunTime:0.000043s ]
INFO: [ template_filter ] --END-- [ RunTime:0.000102s ]
INFO: Run Behavior\ParseTemplate [ RunTime:0.009620s ]
INFO: [ view_parse ] --END-- [ RunTime:0.009706s ]
INFO: [ view_filter ] --START--
INFO: Run Behavior\WriteHtmlCache [ RunTime:0.000763s ]
INFO: [ view_filter ] --END-- [ RunTime:0.000839s ]
INFO: [ app_end ] --START--
INFO: Run Behavior\ShowPageTrace [ RunTime:0.000703s ]
INFO: [ app_end ] --END-- [ RunTime:0.000756s ]

[ 2017-08-12T18:03:55+08:00 ] 127.0.0.1 /onethink/index.php?s=/Home/Index/index.html
SQL: SHOW COLUMNS FROM `onethink_category` [ RunTime:0.014920s ]
SQL: SELECT `id`,`name`,`title`,`pid`,`sort`,`list_row`,`meta_title`,`keywords`,`description`,`template_index`,`template_lists`,`template_detail`,`template_edit`,`model`,`type`,`link_id`,`allow_publish`,`display`,`reply`,`check`,`reply_model`,`extend`,`create_time`,`update_time`,`status`,`icon` FROM `onethink_category` WHERE ( `status` = 1 ) ORDER BY sort  [ RunTime:0.000484s ]
SQL: SHOW COLUMNS FROM `onethink_document` [ RunTime:0.010858s ]
SQL: SELECT `id`,`uid`,`name`,`title`,`category_id`,`description`,`root`,`pid`,`model_id`,`type`,`position`,`link_id`,`cover_id`,`display`,`deadline`,`attach`,`view`,`comment`,`extend`,`level`,`create_time`,`update_time`,`status` FROM `onethink_document` WHERE ( `status` = 1 ) AND ( `pid` = 0 ) AND ( `create_time` < 1502532234 ) AND ( deadline = 0 OR deadline > 1502532234 ) ORDER BY `id` DESC  [ RunTime:0.000589s ]
INFO: [ view_parse ] --START--
INFO: [ template_filter ] --START--
INFO: Run Behavior\ContentReplace [ RunTime:0.000066s ]
INFO: [ template_filter ] --END-- [ RunTime:0.000118s ]
INFO: Run Behavior\ParseTemplate [ RunTime:0.017436s ]
INFO: [ view_parse ] --END-- [ RunTime:0.017507s ]
INFO: [ view_filter ] --START--
INFO: Run Behavior\WriteHtmlCache [ RunTime:0.000258s ]
INFO: [ view_filter ] --END-- [ RunTime:0.000301s ]
INFO: [ app_end ] --START--
INFO: Run Behavior\ShowPageTrace [ RunTime:0.000609s ]
INFO: [ app_end ] --END-- [ RunTime:0.000658s ]

[ 2017-08-12T18:04:15+08:00 ] 127.0.0.1 /onethink/
SQL: SHOW COLUMNS FROM `onethink_category` [ RunTime:0.018951s ]
SQL: SELECT `id`,`name`,`title`,`pid`,`sort`,`list_row`,`meta_title`,`keywords`,`description`,`template_index`,`template_lists`,`template_detail`,`template_edit`,`model`,`type`,`link_id`,`allow_publish`,`display`,`reply`,`check`,`reply_model`,`extend`,`create_time`,`update_time`,`status`,`icon` FROM `onethink_category` WHERE ( `status` = 1 ) ORDER BY sort  [ RunTime:0.000506s ]
SQL: SHOW COLUMNS FROM `onethink_document` [ RunTime:0.008398s ]
SQL: SELECT `id`,`uid`,`name`,`title`,`category_id`,`description`,`root`,`pid`,`model_id`,`type`,`position`,`link_id`,`cover_id`,`display`,`deadline`,`attach`,`view`,`comment`,`extend`,`level`,`create_time`,`update_time`,`status` FROM `onethink_document` WHERE ( `status` = 1 ) AND ( `pid` = 0 ) AND ( `create_time` < 1502532255 ) AND ( deadline = 0 OR deadline > 1502532255 ) ORDER BY `id` DESC  [ RunTime:0.000501s ]
INFO: [ view_parse ] --START--
INFO: [ template_filter ] --START--
INFO: Run Behavior\ContentReplace [ RunTime:0.000070s ]
INFO: [ template_filter ] --END-- [ RunTime:0.000129s ]
INFO: Run Behavior\ParseTemplate [ RunTime:0.011583s ]
INFO: [ view_parse ] --END-- [ RunTime:0.011662s ]
INFO: [ view_filter ] --START--
INFO: Run Behavior\WriteHtmlCache [ RunTime:0.000283s ]
INFO: [ view_filter ] --END-- [ RunTime:0.000329s ]
INFO: [ app_end ] --START--
INFO: Run Behavior\ShowPageTrace [ RunTime:0.000780s ]
INFO: [ app_end ] --END-- [ RunTime:0.000836s ]

[ 2017-08-12T18:04:18+08:00 ] 127.0.0.1 /onethink/
SQL: SHOW COLUMNS FROM `onethink_category` [ RunTime:0.015498s ]
SQL: SELECT `id`,`name`,`title`,`pid`,`sort`,`list_row`,`meta_title`,`keywords`,`description`,`template_index`,`template_lists`,`template_detail`,`template_edit`,`model`,`type`,`link_id`,`allow_publish`,`display`,`reply`,`check`,`reply_model`,`extend`,`create_time`,`update_time`,`status`,`icon` FROM `onethink_category` WHERE ( `status` = 1 ) ORDER BY sort  [ RunTime:0.000531s ]
SQL: SHOW COLUMNS FROM `onethink_document` [ RunTime:0.010023s ]
SQL: SELECT `id`,`uid`,`name`,`title`,`category_id`,`description`,`root`,`pid`,`model_id`,`type`,`position`,`link_id`,`cover_id`,`display`,`deadline`,`attach`,`view`,`comment`,`extend`,`level`,`create_time`,`update_time`,`status` FROM `onethink_document` WHERE ( `status` = 1 ) AND ( `pid` = 0 ) AND ( `create_time` < 1502532258 ) AND ( deadline = 0 OR deadline > 1502532258 ) ORDER BY `id` DESC  [ RunTime:0.000552s ]
INFO: [ view_parse ] --START--
INFO: [ template_filter ] --START--
INFO: Run Behavior\ContentReplace [ RunTime:0.000069s ]
INFO: [ template_filter ] --END-- [ RunTime:0.000126s ]
INFO: Run Behavior\ParseTemplate [ RunTime:0.010288s ]
INFO: [ view_parse ] --END-- [ RunTime:0.010358s ]
INFO: [ view_filter ] --START--
INFO: Run Behavior\WriteHtmlCache [ RunTime:0.000261s ]
INFO: [ view_filter ] --END-- [ RunTime:0.000302s ]
INFO: [ app_end ] --START--
INFO: Run Behavior\ShowPageTrace [ RunTime:0.000594s ]
INFO: [ app_end ] --END-- [ RunTime:0.000642s ]

[ 2017-08-12T18:05:14+08:00 ] 127.0.0.1 /onethink/index.php?s=/Home/Guarantee/index.html
ERR: 非法操作:index

[ 2017-08-12T18:07:20+08:00 ] 127.0.0.1 /onethink/index.php?s=/Home/Guarantee/index.html
ERR: 非法操作:index

[ 2017-08-12T18:07:22+08:00 ] 127.0.0.1 /onethink/index.php?s=/Home/Guarantee/index.html
ERR: 非法操作:index

[ 2017-08-12T18:07:23+08:00 ] 127.0.0.1 /onethink/index.php?s=/Home/Guarantee/index.html
ERR: 非法操作:index

[ 2017-08-12T18:07:34+08:00 ] 127.0.0.1 /onethink/index.php?s=/Home/Index/index.html
SQL: SHOW COLUMNS FROM `onethink_category` [ RunTime:0.024006s ]
SQL: SELECT `id`,`name`,`title`,`pid`,`sort`,`list_row`,`meta_title`,`keywords`,`description`,`template_index`,`template_lists`,`template_detail`,`template_edit`,`model`,`type`,`link_id`,`allow_publish`,`display`,`reply`,`check`,`reply_model`,`extend`,`create_time`,`update_time`,`status`,`icon` FROM `onethink_category` WHERE ( `status` = 1 ) ORDER BY sort  [ RunTime:0.000720s ]
SQL: SHOW COLUMNS FROM `onethink_document` [ RunTime:0.016899s ]
SQL: SELECT `id`,`uid`,`name`,`title`,`category_id`,`description`,`root`,`pid`,`model_id`,`type`,`position`,`link_id`,`cover_id`,`display`,`deadline`,`attach`,`view`,`comment`,`extend`,`level`,`create_time`,`update_time`,`status` FROM `onethink_document` WHERE ( `status` = 1 ) AND ( `pid` = 0 ) AND ( `create_time` < 1502532454 ) AND ( deadline = 0 OR deadline > 1502532454 ) ORDER BY `id` DESC  [ RunTime:0.000723s ]
INFO: [ view_parse ] --START--
INFO: [ template_filter ] --START--
INFO: Run Behavior\ContentReplace [ RunTime:0.000106s ]
INFO: [ template_filter ] --END-- [ RunTime:0.000191s ]
INFO: Run Behavior\ParseTemplate [ RunTime:0.014681s ]
INFO: [ view_parse ] --END-- [ RunTime:0.014793s ]
INFO: [ view_filter ] --START--
INFO: Run Behavior\WriteHtmlCache [ RunTime:0.000534s ]
INFO: [ view_filter ] --END-- [ RunTime:0.000608s ]
INFO: [ app_end ] --START--
INFO: Run Behavior\ShowPageTrace [ RunTime:0.001066s ]
INFO: [ app_end ] --END-- [ RunTime:0.001151s ]

[ 2017-08-12T18:15:21+08:00 ] 127.0.0.1 /onethink/index.php?s=/Home/User/register.html
INFO: [ view_parse ] --START--
INFO: [ template_filter ] --START--
INFO: Run Behavior\ContentReplace [ RunTime:0.000063s ]
INFO: [ template_filter ] --END-- [ RunTime:0.000126s ]
INFO: Run Behavior\ParseTemplate [ RunTime:0.033324s ]
INFO: [ view_parse ] --END-- [ RunTime:0.033836s ]
INFO: [ view_filter ] --START--
INFO: Run Behavior\WriteHtmlCache [ RunTime:0.000358s ]
INFO: [ view_filter ] --END-- [ RunTime:0.000401s ]
INFO: [ app_end ] --START--
INFO: Run Behavior\ShowPageTrace [ RunTime:0.000577s ]
INFO: [ app_end ] --END-- [ RunTime:0.000625s ]

[ 2017-08-12T18:15:21+08:00 ] 127.0.0.1 /onethink/index.php?s=/Home/User/verify.html
INFO: [ app_end ] --START--
INFO: Run Behavior\ShowPageTrace [ RunTime:0.000693s ]
INFO: [ app_end ] --END-- [ RunTime:0.001391s ]

[ 2017-08-12T18:19:13+08:00 ] 127.0.0.1 /onethink/index.php?s=/Home/User/register.html
INFO: [ view_parse ] --START--
INFO: [ template_filter ] --START--
INFO: Run Behavior\ContentReplace [ RunTime:0.000065s ]
INFO: [ template_filter ] --END-- [ RunTime:0.000123s ]
INFO: Run Behavior\ParseTemplate [ RunTime:0.037099s ]
INFO: [ view_parse ] --END-- [ RunTime:0.037904s ]
INFO: [ view_filter ] --START--
INFO: Run Behavior\WriteHtmlCache [ RunTime:0.000855s ]
INFO: [ view_filter ] --END-- [ RunTime:0.000983s ]
INFO: [ app_end ] --START--
INFO: Run Behavior\ShowPageTrace [ RunTime:0.000940s ]
INFO: [ app_end ] --END-- [ RunTime:0.001018s ]

[ 2017-08-12T18:19:13+08:00 ] 127.0.0.1 /onethink/index.php?s=/Home/User/verify.html
INFO: [ app_end ] --START--
INFO: Run Behavior\ShowPageTrace [ RunTime:0.000850s ]
INFO: [ app_end ] --END-- [ RunTime:0.001650s ]

[ 2017-08-12T18:25:47+08:00 ] 127.0.0.1 /onethink/index.php?s=/Home/User/register.html
INFO: [ view_parse ] --START--
INFO: [ template_filter ] --START--
INFO: Run Behavior\ContentReplace [ RunTime:0.000097s ]
INFO: [ template_filter ] --END-- [ RunTime:0.000182s ]
INFO: Run Behavior\ParseTemplate [ RunTime:0.053550s ]
INFO: [ view_parse ] --END-- [ RunTime:0.054172s ]
INFO: [ view_filter ] --START--
INFO: Run Behavior\WriteHtmlCache [ RunTime:0.000486s ]
INFO: [ view_filter ] --END-- [ RunTime:0.000548s ]
INFO: [ app_end ] --START--
INFO: Run Behavior\ShowPageTrace [ RunTime:0.000694s ]
INFO: [ app_end ] --END-- [ RunTime:0.000754s ]

[ 2017-08-12T18:25:47+08:00 ] 127.0.0.1 /onethink/index.php?s=/Home/User/verify.html
INFO: [ app_end ] --START--
INFO: Run Behavior\ShowPageTrace [ RunTime:0.001425s ]
INFO: [ app_end ] --END-- [ RunTime:0.003283s ]

[ 2017-08-12T18:25:53+08:00 ] 127.0.0.1 /onethink/index.php?s=/Home/User/verify.html&random=0.6525395590243648
INFO: [ app_end ] --START--
INFO: Run Behavior\ShowPageTrace [ RunTime:0.000519s ]
INFO: [ app_end ] --END-- [ RunTime:0.000930s ]

[ 2017-08-12T18:25:53+08:00 ] 127.0.0.1 /onethink/index.php?s=/Home/User/verify.html&random=0.22620701230533347
INFO: [ app_end ] --START--
INFO: Run Behavior\ShowPageTrace [ RunTime:0.000509s ]
INFO: [ app_end ] --END-- [ RunTime:0.000978s ]

[ 2017-08-12T18:25:54+08:00 ] 127.0.0.1 /onethink/index.php?s=/Home/User/verify.html&random=0.02933099155584462
INFO: [ app_end ] --START--
INFO: Run Behavior\ShowPageTrace [ RunTime:0.000490s ]
INFO: [ app_end ] --END-- [ RunTime:0.000892s ]

[ 2017-08-12T18:25:54+08:00 ] 127.0.0.1 /onethink/index.php?s=/Home/User/verify.html&random=0.9593541461410939
INFO: [ app_end ] --START--
INFO: Run Behavior\ShowPageTrace [ RunTime:0.000489s ]
INFO: [ app_end ] --END-- [ RunTime:0.000886s ]

[ 2017-08-12T18:25:54+08:00 ] 127.0.0.1 /onethink/index.php?s=/Home/User/verify.html&random=0.9792290886381385
INFO: [ app_end ] --START--
INFO: Run Behavior\ShowPageTrace [ RunTime:0.000505s ]
INFO: [ app_end ] --END-- [ RunTime:0.000942s ]

[ 2017-08-12T18:25:54+08:00 ] 127.0.0.1 /onethink/index.php?s=/Home/User/verify.html&random=0.8515929930071879
INFO: [ app_end ] --START--
INFO: Run Behavior\ShowPageTrace [ RunTime:0.000495s ]
INFO: [ app_end ] --END-- [ RunTime:0.000896s ]

[ 2017-08-12T18:25:55+08:00 ] 127.0.0.1 /onethink/index.php?s=/Home/User/verify.html&random=0.38432115264607036
INFO: [ app_end ] --START--
INFO: Run Behavior\ShowPageTrace [ RunTime:0.000484s ]
INFO: [ app_end ] --END-- [ RunTime:0.000889s ]

[ 2017-08-12T18:25:55+08:00 ] 127.0.0.1 /onethink/index.php?s=/Home/User/verify.html&random=0.6170339484949183
INFO: [ app_end ] --START--
INFO: Run Behavior\ShowPageTrace [ RunTime:0.000496s ]
INFO: [ app_end ] --END-- [ RunTime:0.000936s ]

[ 2017-08-12T18:25:55+08:00 ] 127.0.0.1 /onethink/index.php?s=/Home/User/verify.html&random=0.0955725492741395
INFO: [ app_end ] --START--
INFO: Run Behavior\ShowPageTrace [ RunTime:0.000494s ]
INFO: [ app_end ] --END-- [ RunTime:0.000880s ]

[ 2017-08-12T18:26:10+08:00 ] 127.0.0.1 /onethink/index.php?s=/home/user/login.html
INFO: [ view_parse ] --START--
INFO: [ template_filter ] --START--
INFO: Run Behavior\ContentReplace [ RunTime:0.000052s ]
INFO: [ template_filter ] --END-- [ RunTime:0.000111s ]
INFO: Run Behavior\ParseTemplate [ RunTime:0.016927s ]
INFO: [ view_parse ] --END-- [ RunTime:0.017374s ]
INFO: [ view_filter ] --START--
INFO: Run Behavior\WriteHtmlCache [ RunTime:0.000274s ]
INFO: [ view_filter ] --END-- [ RunTime:0.000314s ]
INFO: [ app_end ] --START--
INFO: Run Behavior\ShowPageTrace [ RunTime:0.000494s ]
INFO: [ app_end ] --END-- [ RunTime:0.000538s ]

[ 2017-08-12T18:26:10+08:00 ] 127.0.0.1 /onethink/index.php?s=/Home/User/verify.html
INFO: [ app_end ] --START--
INFO: Run Behavior\ShowPageTrace [ RunTime:0.000574s ]
INFO: [ app_end ] --END-- [ RunTime:0.001085s ]

[ 2017-08-12T18:26:41+08:00 ] 127.0.0.1 /onethink/index.php?s=/home/user/login.html
INFO: [ view_parse ] --START--
INFO: [ template_filter ] --START--
INFO: Run Behavior\ContentReplace [ RunTime:0.000063s ]
INFO: [ template_filter ] --END-- [ RunTime:0.000132s ]
INFO: Run Behavior\ParseTemplate [ RunTime:0.042054s ]
INFO: [ view_parse ] --END-- [ RunTime:0.042869s ]
INFO: [ view_filter ] --START--
INFO: Run Behavior\WriteHtmlCache [ RunTime:0.000318s ]
INFO: [ view_filter ] --END-- [ RunTime:0.000371s ]
INFO: [ app_end ] --START--
INFO: Run Behavior\ShowPageTrace [ RunTime:0.000572s ]
INFO: [ app_end ] --END-- [ RunTime:0.000625s ]

[ 2017-08-12T18:26:41+08:00 ] 127.0.0.1 /onethink/index.php?s=/Home/User/verify.html
INFO: [ app_end ] --START--
INFO: Run Behavior\ShowPageTrace [ RunTime:0.001013s ]
INFO: [ app_end ] --END-- [ RunTime:0.001821s ]

[ 2017-08-12T18:26:46+08:00 ] 127.0.0.1 /onethink/index.php?s=/Home/User/verify.html&random=0.48202205211382987
INFO: [ app_end ] --START--
INFO: Run Behavior\ShowPageTrace [ RunTime:0.000520s ]
INFO: [ app_end ] --END-- [ RunTime:0.000921s ]

[ 2017-08-12T18:26:46+08:00 ] 127.0.0.1 /onethink/index.php?s=/Home/User/verify.html&random=0.8901815793350623
INFO: [ app_end ] --START--
INFO: Run Behavior\ShowPageTrace [ RunTime:0.000496s ]
INFO: [ app_end ] --END-- [ RunTime:0.000894s ]

[ 2017-08-12T18:26:47+08:00 ] 127.0.0.1 /onethink/index.php?s=/Home/User/verify.html&random=0.6855168873966537
INFO: [ app_end ] --START--
INFO: Run Behavior\ShowPageTrace [ RunTime:0.000487s ]
INFO: [ app_end ] --END-- [ RunTime:0.000920s ]

[ 2017-08-12T18:26:47+08:00 ] 127.0.0.1 /onethink/index.php?s=/Home/User/verify.html&random=0.29338401473372566
INFO: [ app_end ] --START--
INFO: Run Behavior\ShowPageTrace [ RunTime:0.000490s ]
INFO: [ app_end ] --END-- [ RunTime:0.000883s ]

[ 2017-08-12T18:26:47+08:00 ] 127.0.0.1 /onethink/index.php?s=/Home/User/verify.html&random=0.5508022259197758
INFO: [ app_end ] --START--
INFO: Run Behavior\ShowPageTrace [ RunTime:0.000490s ]
INFO: [ app_end ] --END-- [ RunTime:0.000859s ]

[ 2017-08-12T18:26:47+08:00 ] 127.0.0.1 /onethink/index.php?s=/Home/User/verify.html&random=0.16366290825481733
INFO: [ app_end ] --START--
INFO: Run Behavior\ShowPageTrace [ RunTime:0.000486s ]
INFO: [ app_end ] --END-- [ RunTime:0.000858s ]

[ 2017-08-12T18:26:47+08:00 ] 127.0.0.1 /onethink/index.php?s=/Home/User/verify.html&random=0.15678332063183564
INFO: [ app_end ] --START--
INFO: Run Behavior\ShowPageTrace [ RunTime:0.000603s ]
INFO: [ app_end ] --END-- [ RunTime:0.001113s ]

[ 2017-08-12T18:26:48+08:00 ] 127.0.0.1 /onethink/index.php?s=/Home/User/verify.html&random=0.6449999401487763
INFO: [ app_end ] --START--
INFO: Run Behavior\ShowPageTrace [ RunTime:0.000488s ]
INFO: [ app_end ] --END-- [ RunTime:0.000859s ]

[ 2017-08-12T18:26:52+08:00 ] 127.0.0.1 /onethink/index.php?s=/Home/User/verify.html&random=0.935265710225903
INFO: [ app_end ] --START--
INFO: Run Behavior\ShowPageTrace [ RunTime:0.000566s ]
INFO: [ app_end ] --END-- [ RunTime:0.001052s ]

[ 2017-08-12T18:27:09+08:00 ] 127.0.0.1 /onethink/index.php?s=/Home/User/register.html
INFO: [ view_parse ] --START--
INFO: [ template_filter ] --START--
INFO: Run Behavior\ContentReplace [ RunTime:0.000065s ]
INFO: [ template_filter ] --END-- [ RunTime:0.000131s ]
INFO: Run Behavior\ParseTemplate [ RunTime:0.028777s ]
INFO: [ view_parse ] --END-- [ RunTime:0.029184s ]
INFO: [ view_filter ] --START--
INFO: Run Behavior\WriteHtmlCache [ RunTime:0.000259s ]
INFO: [ view_filter ] --END-- [ RunTime:0.000300s ]
INFO: [ app_end ] --START--
INFO: Run Behavior\ShowPageTrace [ RunTime:0.000504s ]
INFO: [ app_end ] --END-- [ RunTime:0.000548s ]

[ 2017-08-12T18:27:09+08:00 ] 127.0.0.1 /onethink/index.php?s=/Home/User/verify.html
INFO: [ app_end ] --START--
INFO: Run Behavior\ShowPageTrace [ RunTime:0.000795s ]
INFO: [ app_end ] --END-- [ RunTime:0.001557s ]

[ 2017-08-12T18:27:30+08:00 ] 127.0.0.1 /onethink/index.php?s=/Home/User/verify.html&random=0.8060580573080649
INFO: [ app_end ] --START--
INFO: Run Behavior\ShowPageTrace [ RunTime:0.000485s ]
INFO: [ app_end ] --END-- [ RunTime:0.000875s ]

[ 2017-08-12T18:27:30+08:00 ] 127.0.0.1 /onethink/index.php?s=/Home/User/verify.html&random=0.02692947957569758
INFO: [ app_end ] --START--
INFO: Run Behavior\ShowPageTrace [ RunTime:0.000508s ]
INFO: [ app_end ] --END-- [ RunTime:0.000888s ]

[ 2017-08-12T18:27:31+08:00 ] 127.0.0.1 /onethink/index.php?s=/Home/User/verify.html&random=0.5301757655167554
INFO: [ app_end ] --START--
INFO: Run Behavior\ShowPageTrace [ RunTime:0.000484s ]
INFO: [ app_end ] --END-- [ RunTime:0.000864s ]

[ 2017-08-12T18:27:33+08:00 ] 127.0.0.1 /onethink/index.php?s=/Home/User/verify.html&random=0.127956551281579
INFO: [ app_end ] --START--
INFO: Run Behavior\ShowPageTrace [ RunTime:0.000483s ]
INFO: [ app_end ] --END-- [ RunTime:0.000868s ]

[ 2017-08-12T18:27:33+08:00 ] 127.0.0.1 /onethink/index.php?s=/Home/User/verify.html&random=0.40746440529288086
INFO: [ app_end ] --START--
INFO: Run Behavior\ShowPageTrace [ RunTime:0.000599s ]
INFO: [ app_end ] --END-- [ RunTime:0.001101s ]

[ 2017-08-12T18:27:34+08:00 ] 127.0.0.1 /onethink/index.php?s=/Home/User/verify.html&random=0.025780051927623004
INFO: [ app_end ] --START--
INFO: Run Behavior\ShowPageTrace [ RunTime:0.000498s ]
INFO: [ app_end ] --END-- [ RunTime:0.000920s ]

[ 2017-08-12T18:27:44+08:00 ] 127.0.0.1 /onethink/index.php?s=/Home/User/register.html
INFO: [ app_begin ] --START--
INFO: Run Behavior\ReadHtmlCache [ RunTime:0.000455s ]
INFO: [ app_begin ] --END-- [ RunTime:0.000818s ]
SQL: SHOW COLUMNS FROM `onethink_config` [ RunTime:0.014958s ]
SQL: SELECT `type`,`name`,`value` FROM `onethink_config` WHERE ( `status` = 1 )  [ RunTime:0.000406s ]
SQL: SHOW COLUMNS FROM `onethink_ucenter_member` [ RunTime:0.020979s ]
SQL: SELECT * FROM `onethink_ucenter_member` WHERE ( `username` = 'admin' ) LIMIT 1   [ RunTime:0.000378s ]

[ 2017-08-12T18:27:44+08:00 ] 127.0.0.1 /onethink/index.php?s=/Home/User/verify.html&random=0.6493735366933713
INFO: [ app_end ] --START--
INFO: Run Behavior\ShowPageTrace [ RunTime:0.000487s ]
INFO: [ app_end ] --END-- [ RunTime:0.000869s ]

[ 2017-08-12T18:27:52+08:00 ] 127.0.0.1 /onethink/index.php?s=/Home/User/verify.html&random=0.9606649092419133
INFO: [ app_end ] --START--
INFO: Run Behavior\ShowPageTrace [ RunTime:0.000569s ]
INFO: [ app_end ] --END-- [ RunTime:0.001046s ]

[ 2017-08-12T18:27:54+08:00 ] 127.0.0.1 /onethink/index.php?s=/Home/User/verify.html&random=0.18612910892811252
INFO: [ app_end ] --START--
INFO: Run Behavior\ShowPageTrace [ RunTime:0.000486s ]
INFO: [ app_end ] --END-- [ RunTime:0.000881s ]

[ 2017-08-12T18:27:55+08:00 ] 127.0.0.1 /onethink/index.php?s=/Home/User/verify.html&random=0.5136887263564611
INFO: [ app_end ] --START--
INFO: Run Behavior\ShowPageTrace [ RunTime:0.000491s ]
INFO: [ app_end ] --END-- [ RunTime:0.000928s ]

[ 2017-08-12T18:27:57+08:00 ] 127.0.0.1 /onethink/index.php?s=/Home/User/verify.html&random=0.23942662495796374
INFO: [ app_end ] --START--
INFO: Run Behavior\ShowPageTrace [ RunTime:0.000496s ]
INFO: [ app_end ] --END-- [ RunTime:0.000887s ]

[ 2017-08-12T18:27:59+08:00 ] 127.0.0.1 /onethink/index.php?s=/Home/User/verify.html&random=0.18826074722046737
INFO: [ app_end ] --START--
INFO: Run Behavior\ShowPageTrace [ RunTime:0.000481s ]
INFO: [ app_end ] --END-- [ RunTime:0.000852s ]

[ 2017-08-12T18:28:16+08:00 ] 127.0.0.1 /onethink/index.php?s=/Home/User/register.html
INFO: [ app_begin ] --START--
INFO: Run Behavior\ReadHtmlCache [ RunTime:0.000477s ]
INFO: [ app_begin ] --END-- [ RunTime:0.000828s ]
SQL: SHOW COLUMNS FROM `onethink_config` [ RunTime:0.016053s ]
SQL: SELECT `type`,`name`,`value` FROM `onethink_config` WHERE ( `status` = 1 )  [ RunTime:0.000430s ]

[ 2017-08-12T18:28:16+08:00 ] 127.0.0.1 /onethink/index.php?s=/Home/User/verify.html&random=0.5303780530624376
INFO: [ app_end ] --START--
INFO: Run Behavior\ShowPageTrace [ RunTime:0.000487s ]
INFO: [ app_end ] --END-- [ RunTime:0.000883s ]

[ 2017-08-12T18:28:25+08:00 ] 127.0.0.1 /onethink/index.php?s=/Home/User/register.html
INFO: [ app_begin ] --START--
INFO: Run Behavior\ReadHtmlCache [ RunTime:0.000480s ]
INFO: [ app_begin ] --END-- [ RunTime:0.000874s ]
SQL: SHOW COLUMNS FROM `onethink_config` [ RunTime:0.017029s ]
SQL: SELECT `type`,`name`,`value` FROM `onethink_config` WHERE ( `status` = 1 )  [ RunTime:0.000412s ]
SQL: SHOW COLUMNS FROM `onethink_ucenter_member` [ RunTime:0.015078s ]
SQL: SELECT * FROM `onethink_ucenter_member` WHERE ( `username` = 'adminadmin' ) LIMIT 1   [ RunTime:0.000366s ]

[ 2017-08-12T18:28:25+08:00 ] 127.0.0.1 /onethink/index.php?s=/Home/User/verify.html&random=0.2844197825813517
INFO: [ app_end ] --START--
INFO: Run Behavior\ShowPageTrace [ RunTime:0.000490s ]
INFO: [ app_end ] --END-- [ RunTime:0.000879s ]

[ 2017-08-12T18:28:30+08:00 ] 127.0.0.1 /onethink/index.php?s=/Home/User/verify.html&random=0.777697087948072
INFO: [ app_end ] --START--
INFO: Run Behavior\ShowPageTrace [ RunTime:0.000485s ]
INFO: [ app_end ] --END-- [ RunTime:0.000907s ]

[ 2017-08-12T18:28:30+08:00 ] 127.0.0.1 /onethink/index.php?s=/Home/User/verify.html&random=0.9452002699569306
INFO: [ app_end ] --START--
INFO: Run Behavior\ShowPageTrace [ RunTime:0.000492s ]
INFO: [ app_end ] --END-- [ RunTime:0.000899s ]

[ 2017-08-12T18:28:44+08:00 ] 127.0.0.1 /onethink/index.php?s=/Home/User/register.html
INFO: [ app_begin ] --START--
INFO: Run Behavior\ReadHtmlCache [ RunTime:0.000477s ]
INFO: [ app_begin ] --END-- [ RunTime:0.000886s ]
SQL: SHOW COLUMNS FROM `onethink_config` [ RunTime:0.014145s ]
SQL: SELECT `type`,`name`,`value` FROM `onethink_config` WHERE ( `status` = 1 )  [ RunTime:0.000450s ]
SQL: SHOW COLUMNS FROM `onethink_ucenter_member` [ RunTime:0.010687s ]
SQL: SELECT * FROM `onethink_ucenter_member` WHERE ( `username` = 'adminadmin' ) LIMIT 1   [ RunTime:0.000332s ]

[ 2017-08-12T18:28:44+08:00 ] 127.0.0.1 /onethink/index.php?s=/Home/User/verify.html&random=0.9683660650509023
INFO: [ app_end ] --START--
INFO: Run Behavior\ShowPageTrace [ RunTime:0.000497s ]
INFO: [ app_end ] --END-- [ RunTime:0.000882s ]

[ 2017-08-12T18:28:46+08:00 ] 127.0.0.1 /onethink/index.php?s=/Home/User/verify.html&random=0.5819876745045935
INFO: [ app_end ] --START--
INFO: Run Behavior\ShowPageTrace [ RunTime:0.000479s ]
INFO: [ app_end ] --END-- [ RunTime:0.000880s ]

[ 2017-08-12T18:28:47+08:00 ] 127.0.0.1 /onethink/index.php?s=/Home/User/verify.html&random=0.19253092273017214
INFO: [ app_end ] --START--
INFO: Run Behavior\ShowPageTrace [ RunTime:0.000484s ]
INFO: [ app_end ] --END-- [ RunTime:0.000861s ]

[ 2017-08-12T18:28:53+08:00 ] 127.0.0.1 /onethink/index.php?s=/Home/User/verify.html&random=0.2986244170256158
INFO: [ app_end ] --START--
INFO: Run Behavior\ShowPageTrace [ RunTime:0.000509s ]
INFO: [ app_end ] --END-- [ RunTime:0.000892s ]

[ 2017-08-12T18:28:54+08:00 ] 127.0.0.1 /onethink/index.php?s=/Home/User/verify.html&random=0.5197588282049501
INFO: [ app_end ] --START--
INFO: Run Behavior\ShowPageTrace [ RunTime:0.000482s ]
INFO: [ app_end ] --END-- [ RunTime:0.000863s ]

[ 2017-08-12T18:28:54+08:00 ] 127.0.0.1 /onethink/index.php?s=/Home/User/verify.html&random=0.5817753949222315
INFO: [ app_end ] --START--
INFO: Run Behavior\ShowPageTrace [ RunTime:0.000480s ]
INFO: [ app_end ] --END-- [ RunTime:0.000872s ]

[ 2017-08-12T18:28:54+08:00 ] 127.0.0.1 /onethink/index.php?s=/Home/User/verify.html&random=0.027269957740346795
INFO: [ app_end ] --START--
INFO: Run Behavior\ShowPageTrace [ RunTime:0.000489s ]
INFO: [ app_end ] --END-- [ RunTime:0.000872s ]

[ 2017-08-12T18:28:56+08:00 ] 127.0.0.1 /onethink/index.php?s=/Home/User/verify.html&random=0.011036691379904706
INFO: [ app_end ] --START--
INFO: Run Behavior\ShowPageTrace [ RunTime:0.000485s ]
INFO: [ app_end ] --END-- [ RunTime:0.000889s ]

[ 2017-08-12T18:36:35+08:00 ] 127.0.0.1 /onethink/index.php?s=/Home/User/register.html
INFO: [ view_parse ] --START--
INFO: [ template_filter ] --START--
INFO: Run Behavior\ContentReplace [ RunTime:0.000070s ]
INFO: [ template_filter ] --END-- [ RunTime:0.000143s ]
INFO: Run Behavior\ParseTemplate [ RunTime:0.051371s ]
INFO: [ view_parse ] --END-- [ RunTime:0.051971s ]
INFO: [ view_filter ] --START--
INFO: Run Behavior\WriteHtmlCache [ RunTime:0.000413s ]
INFO: [ view_filter ] --END-- [ RunTime:0.000494s ]
INFO: [ app_end ] --START--
INFO: Run Behavior\ShowPageTrace [ RunTime:0.000729s ]
INFO: [ app_end ] --END-- [ RunTime:0.000781s ]

[ 2017-08-12T18:36:35+08:00 ] 127.0.0.1 /onethink/index.php?s=/Home/User/verify.html
INFO: [ app_end ] --START--
INFO: Run Behavior\ShowPageTrace [ RunTime:0.000513s ]
INFO: [ app_end ] --END-- [ RunTime:0.001016s ]

[ 2017-08-12T18:37:05+08:00 ] 127.0.0.1 /onethink/index.php?s=/Home/User/verify.html&random=0.6296180762749977
INFO: [ app_end ] --START--
INFO: Run Behavior\ShowPageTrace [ RunTime:0.000517s ]
INFO: [ app_end ] --END-- [ RunTime:0.000901s ]

[ 2017-08-12T18:37:06+08:00 ] 127.0.0.1 /onethink/index.php?s=/Home/User/verify.html&random=0.5740066053590354
INFO: [ app_end ] --START--
INFO: Run Behavior\ShowPageTrace [ RunTime:0.000541s ]
INFO: [ app_end ] --END-- [ RunTime:0.000974s ]

[ 2017-08-12T18:42:42+08:00 ] 127.0.0.1 /onethink/index.php?s=/Home/User/register.html
INFO: [ view_parse ] --START--
INFO: [ template_filter ] --START--
INFO: Run Behavior\ContentReplace [ RunTime:0.000074s ]
INFO: [ template_filter ] --END-- [ RunTime:0.000135s ]
INFO: Run Behavior\ParseTemplate [ RunTime:0.039373s ]
INFO: [ view_parse ] --END-- [ RunTime:0.039928s ]
INFO: [ view_filter ] --START--
INFO: Run Behavior\WriteHtmlCache [ RunTime:0.000351s ]
INFO: [ view_filter ] --END-- [ RunTime:0.000393s ]
INFO: [ app_end ] --START--
INFO: Run Behavior\ShowPageTrace [ RunTime:0.000567s ]
INFO: [ app_end ] --END-- [ RunTime:0.000617s ]

[ 2017-08-12T18:42:42+08:00 ] 127.0.0.1 /onethink/index.php?s=/Home/User/verify.html
INFO: [ app_end ] --START--
INFO: Run Behavior\ShowPageTrace [ RunTime:0.000777s ]
INFO: [ app_end ] --END-- [ RunTime:0.001726s ]

[ 2017-08-12T18:42:47+08:00 ] 127.0.0.1 /onethink/index.php?s=/Home/User/verify.html&random=0.28916928646121964
INFO: [ app_end ] --START--
INFO: Run Behavior\ShowPageTrace [ RunTime:0.000512s ]
INFO: [ app_end ] --END-- [ RunTime:0.000890s ]

[ 2017-08-12T18:42:47+08:00 ] 127.0.0.1 /onethink/index.php?s=/Home/User/verify.html&random=0.3181653610630317
INFO: [ app_end ] --START--
INFO: Run Behavior\ShowPageTrace [ RunTime:0.000489s ]
INFO: [ app_end ] --END-- [ RunTime:0.000867s ]

[ 2017-08-12T18:42:49+08:00 ] 127.0.0.1 /onethink/index.php?s=/Home/User/verify.html&random=0.11077802049967111
INFO: [ app_end ] --START--
INFO: Run Behavior\ShowPageTrace [ RunTime:0.000505s ]
INFO: [ app_end ] --END-- [ RunTime:0.000878s ]

[ 2017-08-12T18:42:50+08:00 ] 127.0.0.1 /onethink/index.php?s=/Home/User/verify.html&random=0.3749169612473311
INFO: [ app_end ] --START--
INFO: Run Behavior\ShowPageTrace [ RunTime:0.000668s ]
INFO: [ app_end ] --END-- [ RunTime:0.001045s ]

[ 2017-08-12T18:42:51+08:00 ] 127.0.0.1 /onethink/index.php?s=/Home/User/verify.html&random=0.9111795520086197
INFO: [ app_end ] --START--
INFO: Run Behavior\ShowPageTrace [ RunTime:0.000504s ]
INFO: [ app_end ] --END-- [ RunTime:0.000898s ]

[ 2017-08-12T18:43:03+08:00 ] 127.0.0.1 /onethink/index.php?s=/Home/User/register.html
INFO: [ app_begin ] --START--
INFO: Run Behavior\ReadHtmlCache [ RunTime:0.000449s ]
INFO: [ app_begin ] --END-- [ RunTime:0.000807s ]
SQL: SHOW COLUMNS FROM `onethink_config` [ RunTime:0.014495s ]
SQL: SELECT `type`,`name`,`value` FROM `onethink_config` WHERE ( `status` = 1 )  [ RunTime:0.000451s ]
SQL: SHOW COLUMNS FROM `onethink_ucenter_member` [ RunTime:0.012781s ]

[ 2017-08-12T18:43:03+08:00 ] 127.0.0.1 /onethink/index.php?s=/Home/User/verify.html&random=0.7843449983375692
INFO: [ app_end ] --START--
INFO: Run Behavior\ShowPageTrace [ RunTime:0.000492s ]
INFO: [ app_end ] --END-- [ RunTime:0.000905s ]

[ 2017-08-12T18:43:30+08:00 ] 127.0.0.1 /onethink/index.php?s=/Home/User/register.html
INFO: [ app_begin ] --START--
INFO: Run Behavior\ReadHtmlCache [ RunTime:0.000520s ]
INFO: [ app_begin ] --END-- [ RunTime:0.000942s ]
SQL: SHOW COLUMNS FROM `onethink_config` [ RunTime:0.022628s ]
SQL: SELECT `type`,`name`,`value` FROM `onethink_config` WHERE ( `status` = 1 )  [ RunTime:0.000749s ]
SQL: SHOW COLUMNS FROM `onethink_ucenter_member` [ RunTime:0.022243s ]
SQL: SELECT * FROM `onethink_ucenter_member` WHERE ( `username` = 'adminadmin' ) LIMIT 1   [ RunTime:0.000625s ]

[ 2017-08-12T18:43:31+08:00 ] 127.0.0.1 /onethink/index.php?s=/Home/User/verify.html&random=0.22230091085909476
INFO: [ app_end ] --START--
INFO: Run Behavior\ShowPageTrace [ RunTime:0.001748s ]
INFO: [ app_end ] --END-- [ RunTime:0.002706s ]

[ 2017-08-12T18:43:51+08:00 ] 127.0.0.1 /onethink/index.php?s=/Home/User/register.html
INFO: [ app_begin ] --START--
INFO: Run Behavior\ReadHtmlCache [ RunTime:0.000486s ]
INFO: [ app_begin ] --END-- [ RunTime:0.000893s ]
SQL: SHOW COLUMNS FROM `onethink_config` [ RunTime:0.014323s ]
SQL: SELECT `type`,`name`,`value` FROM `onethink_config` WHERE ( `status` = 1 )  [ RunTime:0.000402s ]
SQL: SHOW COLUMNS FROM `onethink_ucenter_member` [ RunTime:0.010591s ]
SQL: SELECT * FROM `onethink_ucenter_member` WHERE ( `username` = 'adminadmin' ) LIMIT 1   [ RunTime:0.000366s ]
SQL: SELECT * FROM `onethink_ucenter_member` WHERE ( `email` = '123@qq.com' ) LIMIT 1   [ RunTime:0.000316s ]
SQL: INSERT INTO `onethink_ucenter_member` (`username`,`password`,`email`,`reg_time`,`reg_ip`,`update_time`,`status`) VALUES ('adminadmin','cede77426748ca93b56fa3dd407d00e7','123@qq.com',1502534631,'2130706433',1502534631,1) [ RunTime:0.001287s ]

[ 2017-08-12T18:43:51+08:00 ] 127.0.0.1 /onethink/index.php?s=/Home/User/login.html
INFO: [ view_parse ] --START--
INFO: [ template_filter ] --START--
INFO: Run Behavior\ContentReplace [ RunTime:0.000067s ]
INFO: [ template_filter ] --END-- [ RunTime:0.000127s ]
INFO: Run Behavior\ParseTemplate [ RunTime:0.052315s ]
INFO: [ view_parse ] --END-- [ RunTime:0.052729s ]
INFO: [ view_filter ] --START--
INFO: Run Behavior\WriteHtmlCache [ RunTime:0.000344s ]
INFO: [ view_filter ] --END-- [ RunTime:0.000387s ]
INFO: [ app_end ] --START--
INFO: Run Behavior\ShowPageTrace [ RunTime:0.000482s ]
INFO: [ app_end ] --END-- [ RunTime:0.000527s ]

[ 2017-08-12T18:43:52+08:00 ] 127.0.0.1 /onethink/index.php?s=/Home/User/verify.html
INFO: [ app_end ] --START--
INFO: Run Behavior\ShowPageTrace [ RunTime:0.000972s ]
INFO: [ app_end ] --END-- [ RunTime:0.002288s ]

[ 2017-08-12T18:44:14+08:00 ] 127.0.0.1 /onethink/index.php?s=/Home/User/verify.html&random=0.7570783383950699
INFO: [ app_end ] --START--
INFO: Run Behavior\ShowPageTrace [ RunTime:0.000486s ]
INFO: [ app_end ] --END-- [ RunTime:0.000871s ]

[ 2017-08-12T18:44:21+08:00 ] 127.0.0.1 /onethink/index.php?s=/Home/User/login.html
INFO: [ app_begin ] --START--
INFO: Run Behavior\ReadHtmlCache [ RunTime:0.000457s ]
INFO: [ app_begin ] --END-- [ RunTime:0.000825s ]
SQL: SHOW COLUMNS FROM `onethink_config` [ RunTime:0.015277s ]
SQL: SELECT `type`,`name`,`value` FROM `onethink_config` WHERE ( `status` = 1 )  [ RunTime:0.000533s ]
SQL: SHOW COLUMNS FROM `onethink_ucenter_member` [ RunTime:0.012452s ]
SQL: SELECT * FROM `onethink_ucenter_member` WHERE ( `username` = 'adminadmin' ) LIMIT 1   [ RunTime:0.000447s ]
SQL: UPDATE `onethink_ucenter_member` SET `last_login_time`=1502534661,`last_login_ip`='2130706433' WHERE ( `id` = 2 ) [ RunTime:0.000486s ]
SQL: SHOW COLUMNS FROM `onethink_member` [ RunTime:0.015562s ]
SQL: SELECT `uid`,`nickname`,`sex`,`birthday`,`qq`,`score`,`login`,`reg_ip`,`reg_time`,`last_login_ip`,`last_login_time`,`status` FROM `onethink_member` WHERE ( `uid` = 2 ) LIMIT 1   [ RunTime:0.000433s ]
SQL: SHOW COLUMNS FROM `onethink_ucenter_member` [ RunTime:0.008078s ]
SQL: SELECT `id`,`username`,`email`,`mobile`,`status` FROM `onethink_ucenter_member` WHERE ( `id` = 2 ) LIMIT 1   [ RunTime:0.000350s ]
SQL: INSERT INTO `onethink_member` (`nickname`,`status`,`login`,`reg_ip`,`reg_time`,`last_login_ip`,`last_login_time`,`uid`) VALUES ('adminadmin',1,0,'2130706433',1502534661,0,0,2) [ RunTime:0.000411s ]
SQL: UPDATE `onethink_member` SET `login`=`login`+1,`last_login_time`=1502534661,`last_login_ip`='2130706433' WHERE ( `uid` = 2 ) [ RunTime:0.000324s ]
SQL: SHOW COLUMNS FROM `onethink_ucenter_member` [ RunTime:0.007698s ]
SQL: SELECT `id`,`username`,`email`,`mobile`,`status` FROM `onethink_ucenter_member` WHERE ( `id` = 2 ) LIMIT 1   [ RunTime:0.000347s ]
SQL: SHOW COLUMNS FROM `onethink_action` [ RunTime:0.011838s ]
SQL: SELECT * FROM `onethink_action` WHERE ( `name` = 'user_login' ) LIMIT 1   [ RunTime:0.000437s ]
SQL: SHOW COLUMNS FROM `onethink_member` [ RunTime:0.007244s ]
SQL: SELECT `nickname` FROM `onethink_member` WHERE ( `uid` = 2 ) LIMIT 1   [ RunTime:0.000343s ]
SQL: SHOW COLUMNS FROM `onethink_action_log` [ RunTime:0.011515s ]
SQL: INSERT INTO `onethink_action_log` (`action_id`,`user_id`,`action_ip`,`model`,`record_id`,`create_time`,`remark`) VALUES (1,2,2130706433,'member',2,1502534661,'adminadmin在2017-08-12 18:44登录了后台') [ RunTime:0.000516s ]
SQL: SELECT * FROM `onethink_action` WHERE ( `name` = 'user_login' ) LIMIT 1   [ RunTime:0.000315s ]
NOTIC: [8] Undefined offset: 1 C:\phpStudy\WWW\onethink\Application\Common\Common\function.php 第 665 行.
NOTIC: [2] array_key_exists() expects parameter 2 to be array, null given C:\phpStudy\WWW\onethink\Application\Common\Common\function.php 第 665 行.
SQL: SELECT COUNT(*) AS tp_count FROM `onethink_action_log` WHERE ( `action_id` = 1 ) AND ( `user_id` = 2 ) AND ( `create_time` > 1502448261 ) LIMIT 1   [ RunTime:0.000839s ]
SQL: UPDATE `onethink_member` SET `score`=score+10 WHERE ( uid=2 AND status>-1 ) [ RunTime:0.000277s ]

[ 2017-08-12T18:44:21+08:00 ] 127.0.0.1 /onethink/index.php?s=/Home/Index/index.html
SQL: SHOW COLUMNS FROM `onethink_category` [ RunTime:0.015747s ]
SQL: SELECT `id`,`name`,`title`,`pid`,`sort`,`list_row`,`meta_title`,`keywords`,`description`,`template_index`,`template_lists`,`template_detail`,`template_edit`,`model`,`type`,`link_id`,`allow_publish`,`display`,`reply`,`check`,`reply_model`,`extend`,`create_time`,`update_time`,`status`,`icon` FROM `onethink_category` WHERE ( `status` = 1 ) ORDER BY sort  [ RunTime:0.000538s ]
SQL: SHOW COLUMNS FROM `onethink_document` [ RunTime:0.018621s ]
SQL: SELECT `id`,`uid`,`name`,`title`,`category_id`,`description`,`root`,`pid`,`model_id`,`type`,`position`,`link_id`,`cover_id`,`display`,`deadline`,`attach`,`view`,`comment`,`extend`,`level`,`create_time`,`update_time`,`status` FROM `onethink_document` WHERE ( `status` = 1 ) AND ( `pid` = 0 ) AND ( `create_time` < 1502534661 ) AND ( deadline = 0 OR deadline > 1502534661 ) ORDER BY `id` DESC  [ RunTime:0.000749s ]
INFO: [ view_parse ] --START--
INFO: [ template_filter ] --START--
INFO: Run Behavior\ContentReplace [ RunTime:0.000066s ]
INFO: [ template_filter ] --END-- [ RunTime:0.000121s ]
INFO: Run Behavior\ParseTemplate [ RunTime:0.008841s ]
INFO: [ view_parse ] --END-- [ RunTime:0.008925s ]
INFO: [ view_filter ] --START--
INFO: Run Behavior\WriteHtmlCache [ RunTime:0.000264s ]
INFO: [ view_filter ] --END-- [ RunTime:0.000305s ]
INFO: [ app_end ] --START--
INFO: Run Behavior\ShowPageTrace [ RunTime:0.000498s ]
INFO: [ app_end ] --END-- [ RunTime:0.000545s ]

[ 2017-08-12T18:51:52+08:00 ] 127.0.0.1 /onethink/index.php?s=/Home/Index/index.html
SQL: SHOW COLUMNS FROM `onethink_category` [ RunTime:0.012261s ]
SQL: SELECT `id`,`name`,`title`,`pid`,`sort`,`list_row`,`meta_title`,`keywords`,`description`,`template_index`,`template_lists`,`template_detail`,`template_edit`,`model`,`type`,`link_id`,`allow_publish`,`display`,`reply`,`check`,`reply_model`,`extend`,`create_time`,`update_time`,`status`,`icon` FROM `onethink_category` WHERE ( `status` = 1 ) ORDER BY sort  [ RunTime:0.000564s ]
SQL: SHOW COLUMNS FROM `onethink_document` [ RunTime:0.011691s ]
SQL: SELECT `id`,`uid`,`name`,`title`,`category_id`,`description`,`root`,`pid`,`model_id`,`type`,`position`,`link_id`,`cover_id`,`display`,`deadline`,`attach`,`view`,`comment`,`extend`,`level`,`create_time`,`update_time`,`status` FROM `onethink_document` WHERE ( `status` = 1 ) AND ( `pid` = 0 ) AND ( `create_time` < 1502535112 ) AND ( deadline = 0 OR deadline > 1502535112 ) ORDER BY `id` DESC  [ RunTime:0.000539s ]
INFO: [ view_parse ] --START--
INFO: [ template_filter ] --START--
INFO: Run Behavior\ContentReplace [ RunTime:0.000073s ]
INFO: [ template_filter ] --END-- [ RunTime:0.000144s ]
INFO: Run Behavior\ParseTemplate [ RunTime:0.033940s ]
INFO: [ view_parse ] --END-- [ RunTime:0.034022s ]
INFO: [ view_filter ] --START--
INFO: Run Behavior\WriteHtmlCache [ RunTime:0.000398s ]
INFO: [ view_filter ] --END-- [ RunTime:0.000442s ]
INFO: [ app_end ] --START--
INFO: Run Behavior\ShowPageTrace [ RunTime:0.000558s ]
INFO: [ app_end ] --END-- [ RunTime:0.000614s ]

[ 2017-08-12T18:53:39+08:00 ] 127.0.0.1 /onethink/index.php?s=/Home/Index/index.html
SQL: SHOW COLUMNS FROM `onethink_category` [ RunTime:0.011270s ]
SQL: SELECT `id`,`name`,`title`,`pid`,`sort`,`list_row`,`meta_title`,`keywords`,`description`,`template_index`,`template_lists`,`template_detail`,`template_edit`,`model`,`type`,`link_id`,`allow_publish`,`display`,`reply`,`check`,`reply_model`,`extend`,`create_time`,`update_time`,`status`,`icon` FROM `onethink_category` WHERE ( `status` = 1 ) ORDER BY sort  [ RunTime:0.000493s ]
SQL: SHOW COLUMNS FROM `onethink_document` [ RunTime:0.011146s ]
SQL: SELECT `id`,`uid`,`name`,`title`,`category_id`,`description`,`root`,`pid`,`model_id`,`type`,`position`,`link_id`,`cover_id`,`display`,`deadline`,`attach`,`view`,`comment`,`extend`,`level`,`create_time`,`update_time`,`status` FROM `onethink_document` WHERE ( `status` = 1 ) AND ( `pid` = 0 ) AND ( `create_time` < 1502535219 ) AND ( deadline = 0 OR deadline > 1502535219 ) ORDER BY `id` DESC  [ RunTime:0.000510s ]
INFO: [ view_parse ] --START--
INFO: [ template_filter ] --START--
INFO: Run Behavior\ContentReplace [ RunTime:0.000081s ]
INFO: [ template_filter ] --END-- [ RunTime:0.000171s ]
INFO: Run Behavior\ParseTemplate [ RunTime:0.008659s ]
INFO: [ view_parse ] --END-- [ RunTime:0.008728s ]
INFO: [ view_filter ] --START--
INFO: Run Behavior\WriteHtmlCache [ RunTime:0.000286s ]
INFO: [ view_filter ] --END-- [ RunTime:0.000338s ]
INFO: [ app_end ] --START--
INFO: Run Behavior\ShowPageTrace [ RunTime:0.000531s ]
INFO: [ app_end ] --END-- [ RunTime:0.000581s ]

[ 2017-08-12T18:53:42+08:00 ] 127.0.0.1 /onethink/index.php?s=/Home/Index/index.html
SQL: SHOW COLUMNS FROM `onethink_category` [ RunTime:0.011272s ]
SQL: SELECT `id`,`name`,`title`,`pid`,`sort`,`list_row`,`meta_title`,`keywords`,`description`,`template_index`,`template_lists`,`template_detail`,`template_edit`,`model`,`type`,`link_id`,`allow_publish`,`display`,`reply`,`check`,`reply_model`,`extend`,`create_time`,`update_time`,`status`,`icon` FROM `onethink_category` WHERE ( `status` = 1 ) ORDER BY sort  [ RunTime:0.000449s ]
SQL: SHOW COLUMNS FROM `onethink_document` [ RunTime:0.010906s ]
SQL: SELECT `id`,`uid`,`name`,`title`,`category_id`,`description`,`root`,`pid`,`model_id`,`type`,`position`,`link_id`,`cover_id`,`display`,`deadline`,`attach`,`view`,`comment`,`extend`,`level`,`create_time`,`update_time`,`status` FROM `onethink_document` WHERE ( `status` = 1 ) AND ( `pid` = 0 ) AND ( `create_time` < 1502535222 ) AND ( deadline = 0 OR deadline > 1502535222 ) ORDER BY `id` DESC  [ RunTime:0.000449s ]
INFO: [ view_parse ] --START--
INFO: [ template_filter ] --START--
INFO: Run Behavior\ContentReplace [ RunTime:0.000068s ]
INFO: [ template_filter ] --END-- [ RunTime:0.000123s ]
INFO: Run Behavior\ParseTemplate [ RunTime:0.008368s ]
INFO: [ view_parse ] --END-- [ RunTime:0.008451s ]
INFO: [ view_filter ] --START--
INFO: Run Behavior\WriteHtmlCache [ RunTime:0.000342s ]
INFO: [ view_filter ] --END-- [ RunTime:0.000394s ]
INFO: [ app_end ] --START--
INFO: Run Behavior\ShowPageTrace [ RunTime:0.000605s ]
INFO: [ app_end ] --END-- [ RunTime:0.000665s ]

[ 2017-08-12T18:53:44+08:00 ] 127.0.0.1 /onethink/index.php?s=/Home/Index/index.html
SQL: SHOW COLUMNS FROM `onethink_category` [ RunTime:0.010861s ]
SQL: SELECT `id`,`name`,`title`,`pid`,`sort`,`list_row`,`meta_title`,`keywords`,`description`,`template_index`,`template_lists`,`template_detail`,`template_edit`,`model`,`type`,`link_id`,`allow_publish`,`display`,`reply`,`check`,`reply_model`,`extend`,`create_time`,`update_time`,`status`,`icon` FROM `onethink_category` WHERE ( `status` = 1 ) ORDER BY sort  [ RunTime:0.000454s ]
SQL: SHOW COLUMNS FROM `onethink_document` [ RunTime:0.015575s ]
SQL: SELECT `id`,`uid`,`name`,`title`,`category_id`,`description`,`root`,`pid`,`model_id`,`type`,`position`,`link_id`,`cover_id`,`display`,`deadline`,`attach`,`view`,`comment`,`extend`,`level`,`create_time`,`update_time`,`status` FROM `onethink_document` WHERE ( `status` = 1 ) AND ( `pid` = 0 ) AND ( `create_time` < 1502535223 ) AND ( deadline = 0 OR deadline > 1502535223 ) ORDER BY `id` DESC  [ RunTime:0.000493s ]
INFO: [ view_parse ] --START--
INFO: [ template_filter ] --START--
INFO: Run Behavior\ContentReplace [ RunTime:0.000072s ]
INFO: [ template_filter ] --END-- [ RunTime:0.000129s ]
INFO: Run Behavior\ParseTemplate [ RunTime:0.008667s ]
INFO: [ view_parse ] --END-- [ RunTime:0.008735s ]
INFO: [ view_filter ] --START--
INFO: Run Behavior\WriteHtmlCache [ RunTime:0.000252s ]
INFO: [ view_filter ] --END-- [ RunTime:0.000292s ]
INFO: [ app_end ] --START--
INFO: Run Behavior\ShowPageTrace [ RunTime:0.000502s ]
INFO: [ app_end ] --END-- [ RunTime:0.000549s ]

[ 2017-08-12T18:53:45+08:00 ] 127.0.0.1 /onethink/index.php?s=/Home/User/register.html
INFO: [ view_parse ] --START--
INFO: [ template_filter ] --START--
INFO: Run Behavior\ContentReplace [ RunTime:0.000069s ]
INFO: [ template_filter ] --END-- [ RunTime:0.000123s ]
INFO: Run Behavior\ParseTemplate [ RunTime:0.008106s ]
INFO: [ view_parse ] --END-- [ RunTime:0.008502s ]
INFO: [ view_filter ] --START--
INFO: Run Behavior\WriteHtmlCache [ RunTime:0.000343s ]
INFO: [ view_filter ] --END-- [ RunTime:0.000409s ]
INFO: [ app_end ] --START--
INFO: Run Behavior\ShowPageTrace [ RunTime:0.000848s ]
INFO: [ app_end ] --END-- [ RunTime:0.000927s ]

[ 2017-08-12T18:53:45+08:00 ] 127.0.0.1 /onethink/index.php?s=/Home/User/verify.html
INFO: [ app_end ] --START--
INFO: Run Behavior\ShowPageTrace [ RunTime:0.000526s ]
INFO: [ app_end ] --END-- [ RunTime:0.001018s ]

[ 2017-08-12T18:53:52+08:00 ] 127.0.0.1 /onethink/index.php?s=/Home/Index/index.html
SQL: SHOW COLUMNS FROM `onethink_category` [ RunTime:0.011764s ]
SQL: SELECT `id`,`name`,`title`,`pid`,`sort`,`list_row`,`meta_title`,`keywords`,`description`,`template_index`,`template_lists`,`template_detail`,`template_edit`,`model`,`type`,`link_id`,`allow_publish`,`display`,`reply`,`check`,`reply_model`,`extend`,`create_time`,`update_time`,`status`,`icon` FROM `onethink_category` WHERE ( `status` = 1 ) ORDER BY sort  [ RunTime:0.000419s ]
SQL: SHOW COLUMNS FROM `onethink_document` [ RunTime:0.012301s ]
SQL: SELECT `id`,`uid`,`name`,`title`,`category_id`,`description`,`root`,`pid`,`model_id`,`type`,`position`,`link_id`,`cover_id`,`display`,`deadline`,`attach`,`view`,`comment`,`extend`,`level`,`create_time`,`update_time`,`status` FROM `onethink_document` WHERE ( `status` = 1 ) AND ( `pid` = 0 ) AND ( `create_time` < 1502535232 ) AND ( deadline = 0 OR deadline > 1502535232 ) ORDER BY `id` DESC  [ RunTime:0.000488s ]
INFO: [ view_parse ] --START--
INFO: [ template_filter ] --START--
INFO: Run Behavior\ContentReplace [ RunTime:0.000071s ]
INFO: [ template_filter ] --END-- [ RunTime:0.000129s ]
INFO: Run Behavior\ParseTemplate [ RunTime:0.009384s ]
INFO: [ view_parse ] --END-- [ RunTime:0.009470s ]
INFO: [ view_filter ] --START--
INFO: Run Behavior\WriteHtmlCache [ RunTime:0.000381s ]
INFO: [ view_filter ] --END-- [ RunTime:0.000436s ]
INFO: [ app_end ] --START--
INFO: Run Behavior\ShowPageTrace [ RunTime:0.000510s ]
INFO: [ app_end ] --END-- [ RunTime:0.000559s ]

[ 2017-08-12T18:54:09+08:00 ] 127.0.0.1 /onethink/index.php?s=/Home/Index/index.html
SQL: SHOW COLUMNS FROM `onethink_category` [ RunTime:0.013184s ]
SQL: SELECT `id`,`name`,`title`,`pid`,`sort`,`list_row`,`meta_title`,`keywords`,`description`,`template_index`,`template_lists`,`template_detail`,`template_edit`,`model`,`type`,`link_id`,`allow_publish`,`display`,`reply`,`check`,`reply_model`,`extend`,`create_time`,`update_time`,`status`,`icon` FROM `onethink_category` WHERE ( `status` = 1 ) ORDER BY sort  [ RunTime:0.000536s ]
SQL: SHOW COLUMNS FROM `onethink_document` [ RunTime:0.011583s ]
SQL: SELECT `id`,`uid`,`name`,`title`,`category_id`,`description`,`root`,`pid`,`model_id`,`type`,`position`,`link_id`,`cover_id`,`display`,`deadline`,`attach`,`view`,`comment`,`extend`,`level`,`create_time`,`update_time`,`status` FROM `onethink_document` WHERE ( `status` = 1 ) AND ( `pid` = 0 ) AND ( `create_time` < 1502535249 ) AND ( deadline = 0 OR deadline > 1502535249 ) ORDER BY `id` DESC  [ RunTime:0.000448s ]
INFO: [ view_parse ] --START--
INFO: [ template_filter ] --START--
INFO: Run Behavior\ContentReplace [ RunTime:0.000074s ]
INFO: [ template_filter ] --END-- [ RunTime:0.000135s ]
INFO: Run Behavior\ParseTemplate [ RunTime:0.020781s ]
INFO: [ view_parse ] --END-- [ RunTime:0.020851s ]
INFO: [ view_filter ] --START--
INFO: Run Behavior\WriteHtmlCache [ RunTime:0.000339s ]
INFO: [ view_filter ] --END-- [ RunTime:0.000380s ]
INFO: [ app_end ] --START--
INFO: Run Behavior\ShowPageTrace [ RunTime:0.000540s ]
INFO: [ app_end ] --END-- [ RunTime:0.000587s ]

[ 2017-08-12T18:54:11+08:00 ] 127.0.0.1 /onethink/index.php?s=/Home/User/login.html
INFO: [ view_parse ] --START--
INFO: [ template_filter ] --START--
INFO: Run Behavior\ContentReplace [ RunTime:0.000062s ]
INFO: [ template_filter ] --END-- [ RunTime:0.000116s ]
INFO: Run Behavior\ParseTemplate [ RunTime:0.030100s ]
INFO: [ view_parse ] --END-- [ RunTime:0.030497s ]
INFO: [ view_filter ] --START--
INFO: Run Behavior\WriteHtmlCache [ RunTime:0.000261s ]
INFO: [ view_filter ] --END-- [ RunTime:0.000303s ]
INFO: [ app_end ] --START--
INFO: Run Behavior\ShowPageTrace [ RunTime:0.000485s ]
INFO: [ app_end ] --END-- [ RunTime:0.000529s ]

[ 2017-08-12T18:54:11+08:00 ] 127.0.0.1 /onethink/index.php?s=/Home/User/verify.html
INFO: [ app_end ] --START--
INFO: Run Behavior\ShowPageTrace [ RunTime:0.000736s ]
INFO: [ app_end ] --END-- [ RunTime:0.001374s ]

[ 2017-08-12T18:54:17+08:00 ] 127.0.0.1 /onethink/index.php?s=/Home/User/logout.html
SQL: SHOW COLUMNS FROM `onethink_member` [ RunTime:0.011385s ]
INFO: [ view_parse ] --START--
INFO: [ template_filter ] --START--
INFO: Run Behavior\ContentReplace [ RunTime:0.000041s ]
INFO: [ template_filter ] --END-- [ RunTime:0.000110s ]
INFO: Run Behavior\ParseTemplate [ RunTime:0.008649s ]
INFO: [ view_parse ] --END-- [ RunTime:0.008732s ]
INFO: [ view_filter ] --START--
INFO: Run Behavior\WriteHtmlCache [ RunTime:0.000254s ]
INFO: [ view_filter ] --END-- [ RunTime:0.000295s ]
INFO: [ app_end ] --START--
INFO: Run Behavior\ShowPageTrace [ RunTime:0.000500s ]
INFO: [ app_end ] --END-- [ RunTime:0.000544s ]

[ 2017-08-12T18:54:18+08:00 ] 127.0.0.1 /onethink/index.php?s=/Home/User/login.html
INFO: [ view_parse ] --START--
INFO: [ template_filter ] --START--
INFO: Run Behavior\ContentReplace [ RunTime:0.000083s ]
INFO: [ template_filter ] --END-- [ RunTime:0.000158s ]
INFO: Run Behavior\ParseTemplate [ RunTime:0.010560s ]
INFO: [ view_parse ] --END-- [ RunTime:0.011086s ]
INFO: [ view_filter ] --START--
INFO: Run Behavior\WriteHtmlCache [ RunTime:0.000337s ]
INFO: [ view_filter ] --END-- [ RunTime:0.000390s ]
INFO: [ app_end ] --START--
INFO: Run Behavior\ShowPageTrace [ RunTime:0.000721s ]
INFO: [ app_end ] --END-- [ RunTime:0.000783s ]

[ 2017-08-12T18:54:18+08:00 ] 127.0.0.1 /onethink/index.php?s=/Home/User/verify.html
INFO: [ app_end ] --START--
INFO: Run Behavior\ShowPageTrace [ RunTime:0.000913s ]
INFO: [ app_end ] --END-- [ RunTime:0.001804s ]

[ 2017-08-12T18:54:28+08:00 ] 127.0.0.1 /onethink/index.php?s=/Home/User/login.html
INFO: [ view_parse ] --START--
INFO: [ template_filter ] --START--
INFO: Run Behavior\ContentReplace [ RunTime:0.000135s ]
INFO: [ template_filter ] --END-- [ RunTime:0.000254s ]
INFO: Run Behavior\ParseTemplate [ RunTime:0.018150s ]
INFO: [ view_parse ] --END-- [ RunTime:0.019150s ]
INFO: [ view_filter ] --START--
INFO: Run Behavior\WriteHtmlCache [ RunTime:0.000550s ]
INFO: [ view_filter ] --END-- [ RunTime:0.000639s ]
INFO: [ app_end ] --START--
INFO: Run Behavior\ShowPageTrace [ RunTime:0.001043s ]
INFO: [ app_end ] --END-- [ RunTime:0.001140s ]

[ 2017-08-12T18:54:28+08:00 ] 127.0.0.1 /onethink/index.php?s=/Home/User/verify.html
INFO: [ app_end ] --START--
INFO: Run Behavior\ShowPageTrace [ RunTime:0.000868s ]
INFO: [ app_end ] --END-- [ RunTime:0.001958s ]

[ 2017-08-12T19:15:02+08:00 ] 127.0.0.1 /onethink/index.php?s=/Home/User/verify.html&random=0.4927022557916987
INFO: [ app_end ] --START--
INFO: Run Behavior\ShowPageTrace [ RunTime:0.000575s ]
INFO: [ app_end ] --END-- [ RunTime:0.001116s ]

[ 2017-08-12T19:20:39+08:00 ] 127.0.0.1 /onethink/index.php?s=/Home/User/login
INFO: [ view_parse ] --START--
INFO: [ template_filter ] --START--
INFO: Run Behavior\ContentReplace [ RunTime:0.000072s ]
INFO: [ template_filter ] --END-- [ RunTime:0.000138s ]
INFO: Run Behavior\ParseTemplate [ RunTime:0.057282s ]
INFO: [ view_parse ] --END-- [ RunTime:0.057778s ]
INFO: [ view_filter ] --START--
INFO: Run Behavior\WriteHtmlCache [ RunTime:0.000393s ]
INFO: [ view_filter ] --END-- [ RunTime:0.000435s ]
INFO: [ app_end ] --START--
INFO: Run Behavior\ShowPageTrace [ RunTime:0.000575s ]
INFO: [ app_end ] --END-- [ RunTime:0.000620s ]

[ 2017-08-12T19:20:39+08:00 ] 127.0.0.1 /onethink/index.php?s=/Home/User/verify.html
INFO: [ app_end ] --START--
INFO: Run Behavior\ShowPageTrace [ RunTime:0.000571s ]
INFO: [ app_end ] --END-- [ RunTime:0.001121s ]

[ 2017-08-12T19:24:14+08:00 ] 127.0.0.1 /onethink/index.php?s=/home/user/login.html
INFO: [ view_parse ] --START--
INFO: [ template_filter ] --START--
INFO: Run Behavior\ContentReplace [ RunTime:0.000067s ]
INFO: [ template_filter ] --END-- [ RunTime:0.000142s ]
INFO: Run Behavior\ParseTemplate [ RunTime:0.008557s ]
INFO: [ view_parse ] --END-- [ RunTime:0.009092s ]
INFO: [ view_filter ] --START--
INFO: Run Behavior\WriteHtmlCache [ RunTime:0.000337s ]
INFO: [ view_filter ] --END-- [ RunTime:0.000381s ]
INFO: [ app_end ] --START--
INFO: Run Behavior\ShowPageTrace [ RunTime:0.000565s ]
INFO: [ app_end ] --END-- [ RunTime:0.000612s ]

[ 2017-08-12T19:24:14+08:00 ] 127.0.0.1 /onethink/index.php?s=/Home/User/verify.html
INFO: [ app_end ] --START--
INFO: Run Behavior\ShowPageTrace [ RunTime:0.000618s ]
INFO: [ app_end ] --END-- [ RunTime:0.001255s ]

[ 2017-08-12T20:26:27+08:00 ] 127.0.0.1 /onethink/index.php?s=/home/user/login.html
INFO: [ view_parse ] --START--
INFO: [ template_filter ] --START--
INFO: Run Behavior\ContentReplace [ RunTime:0.000070s ]
INFO: [ template_filter ] --END-- [ RunTime:0.000134s ]
INFO: Run Behavior\ParseTemplate [ RunTime:0.024481s ]
INFO: [ view_parse ] --END-- [ RunTime:0.024977s ]
INFO: [ view_filter ] --START--
INFO: Run Behavior\WriteHtmlCache [ RunTime:0.000372s ]
INFO: [ view_filter ] --END-- [ RunTime:0.000415s ]
INFO: [ app_end ] --START--
INFO: Run Behavior\ShowPageTrace [ RunTime:0.000556s ]
INFO: [ app_end ] --END-- [ RunTime:0.000601s ]

[ 2017-08-12T20:26:27+08:00 ] 127.0.0.1 /onethink/index.php?s=/Home/User/verify.html
INFO: [ app_end ] --START--
INFO: Run Behavior\ShowPageTrace [ RunTime:0.000843s ]
INFO: [ app_end ] --END-- [ RunTime:0.001555s ]

[ 2017-08-12T20:27:32+08:00 ] 127.0.0.1 /onethink/index.php?s=/Home/User/verify.html
INFO: [ app_end ] --START--
INFO: Run Behavior\ShowPageTrace [ RunTime:0.000539s ]
INFO: [ app_end ] --END-- [ RunTime:0.001079s ]

[ 2017-08-12T20:27:33+08:00 ] 127.0.0.1 /onethink/index.php?s=/home/user/login.html
INFO: [ view_parse ] --START--
INFO: [ template_filter ] --START--
INFO: Run Behavior\ContentReplace [ RunTime:0.000064s ]
INFO: [ template_filter ] --END-- [ RunTime:0.000119s ]
INFO: Run Behavior\ParseTemplate [ RunTime:0.007995s ]
INFO: [ view_parse ] --END-- [ RunTime:0.008512s ]
INFO: [ view_filter ] --START--
INFO: Run Behavior\WriteHtmlCache [ RunTime:0.000273s ]
INFO: [ view_filter ] --END-- [ RunTime:0.000312s ]
INFO: [ app_end ] --START--
INFO: Run Behavior\ShowPageTrace [ RunTime:0.000496s ]
INFO: [ app_end ] --END-- [ RunTime:0.000541s ]

[ 2017-08-12T20:27:33+08:00 ] 127.0.0.1 /onethink/index.php?s=/Home/User/verify.html
INFO: [ app_end ] --START--
INFO: Run Behavior\ShowPageTrace [ RunTime:0.000491s ]
INFO: [ app_end ] --END-- [ RunTime:0.000960s ]

[ 2017-08-12T20:27:34+08:00 ] 127.0.0.1 /onethink/index.php?s=/home/user/login.html
INFO: [ view_parse ] --START--
INFO: [ template_filter ] --START--
INFO: Run Behavior\ContentReplace [ RunTime:0.000065s ]
INFO: [ template_filter ] --END-- [ RunTime:0.000119s ]
INFO: Run Behavior\ParseTemplate [ RunTime:0.007737s ]
INFO: [ view_parse ] --END-- [ RunTime:0.008143s ]
INFO: [ view_filter ] --START--
INFO: Run Behavior\WriteHtmlCache [ RunTime:0.000283s ]
INFO: [ view_filter ] --END-- [ RunTime:0.000328s ]
INFO: [ app_end ] --START--
INFO: Run Behavior\ShowPageTrace [ RunTime:0.000484s ]
INFO: [ app_end ] --END-- [ RunTime:0.000529s ]

[ 2017-08-12T20:27:34+08:00 ] 127.0.0.1 /onethink/index.php?s=/Home/User/verify.html
INFO: [ app_end ] --START--
INFO: Run Behavior\ShowPageTrace [ RunTime:0.000504s ]
INFO: [ app_end ] --END-- [ RunTime:0.000909s ]

[ 2017-08-12T20:30:58+08:00 ] 127.0.0.1 /onethink/index.php?s=/home/user/login.html
INFO: [ view_parse ] --START--
INFO: [ template_filter ] --START--
INFO: Run Behavior\ContentReplace [ RunTime:0.000064s ]
INFO: [ template_filter ] --END-- [ RunTime:0.000122s ]
INFO: Run Behavior\ParseTemplate [ RunTime:0.231641s ]
INFO: [ view_parse ] --END-- [ RunTime:0.247134s ]
INFO: [ view_filter ] --START--
INFO: Run Behavior\WriteHtmlCache [ RunTime:0.031707s ]
INFO: [ view_filter ] --END-- [ RunTime:0.031813s ]
INFO: [ app_end ] --START--
INFO: Run Behavior\ShowPageTrace [ RunTime:0.027252s ]
INFO: [ app_end ] --END-- [ RunTime:0.027374s ]

[ 2017-08-12T20:30:58+08:00 ] 127.0.0.1 /onethink/index.php?s=/Home/User/verify.html
INFO: [ app_end ] --START--
INFO: Run Behavior\ShowPageTrace [ RunTime:0.000664s ]
INFO: [ app_end ] --END-- [ RunTime:0.001283s ]

[ 2017-08-12T20:33:33+08:00 ] 127.0.0.1 /onethink/index.php?s=/home/user/login.html
INFO: [ view_parse ] --START--
INFO: [ template_filter ] --START--
INFO: Run Behavior\ContentReplace [ RunTime:0.000063s ]
INFO: [ template_filter ] --END-- [ RunTime:0.000125s ]
INFO: Run Behavior\ParseTemplate [ RunTime:0.009144s ]
INFO: [ view_parse ] --END-- [ RunTime:0.009689s ]
INFO: [ view_filter ] --START--
INFO: Run Behavior\WriteHtmlCache [ RunTime:0.000351s ]
INFO: [ view_filter ] --END-- [ RunTime:0.000399s ]
INFO: [ app_end ] --START--
INFO: Run Behavior\ShowPageTrace [ RunTime:0.000542s ]
INFO: [ app_end ] --END-- [ RunTime:0.000588s ]

[ 2017-08-12T20:33:33+08:00 ] 127.0.0.1 /onethink/index.php?s=/Home/User/verify.html
INFO: [ app_end ] --START--
INFO: Run Behavior\ShowPageTrace [ RunTime:0.000504s ]
INFO: [ app_end ] --END-- [ RunTime:0.000953s ]

[ 2017-08-12T20:33:58+08:00 ] 127.0.0.1 /onethink/index.php?s=/Home/User/verify.html&random=0.04554963306070059
INFO: [ app_end ] --START--
INFO: Run Behavior\ShowPageTrace [ RunTime:0.000617s ]
INFO: [ app_end ] --END-- [ RunTime:0.001171s ]

[ 2017-08-12T20:33:58+08:00 ] 127.0.0.1 /onethink/index.php?s=/Home/User/verify.html&random=0.15877805084447427
INFO: [ app_end ] --START--
INFO: Run Behavior\ShowPageTrace [ RunTime:0.000489s ]
INFO: [ app_end ] --END-- [ RunTime:0.000914s ]

[ 2017-08-12T20:34:00+08:00 ] 127.0.0.1 /onethink/index.php?s=/Home/User/verify.html&random=0.31355288231633094
INFO: [ app_end ] --START--
INFO: Run Behavior\ShowPageTrace [ RunTime:0.000743s ]
INFO: [ app_end ] --END-- [ RunTime:0.001388s ]

[ 2017-08-12T20:34:01+08:00 ] 127.0.0.1 /onethink/index.php?s=/Home/User/verify.html&random=0.6550750120117246
INFO: [ app_end ] --START--
INFO: Run Behavior\ShowPageTrace [ RunTime:0.000529s ]
INFO: [ app_end ] --END-- [ RunTime:0.001188s ]

[ 2017-08-12T20:34:01+08:00 ] 127.0.0.1 /onethink/index.php?s=/Home/User/verify.html&random=0.22778688458465823
INFO: [ app_end ] --START--
INFO: Run Behavior\ShowPageTrace [ RunTime:0.000591s ]
INFO: [ app_end ] --END-- [ RunTime:0.001191s ]

[ 2017-08-12T20:34:02+08:00 ] 127.0.0.1 /onethink/index.php?s=/Home/User/verify.html&random=0.720094672019645
INFO: [ app_end ] --START--
INFO: Run Behavior\ShowPageTrace [ RunTime:0.000498s ]
INFO: [ app_end ] --END-- [ RunTime:0.000896s ]

[ 2017-08-12T20:34:03+08:00 ] 127.0.0.1 /onethink/index.php?s=/Home/User/verify.html&random=0.057545224860105604
INFO: [ app_end ] --START--
INFO: Run Behavior\ShowPageTrace [ RunTime:0.000698s ]
INFO: [ app_end ] --END-- [ RunTime:0.001158s ]

[ 2017-08-12T20:34:12+08:00 ] 127.0.0.1 /onethink/index.php?s=/home/user/login.html
INFO: [ app_begin ] --START--
INFO: Run Behavior\ReadHtmlCache [ RunTime:0.000452s ]
INFO: [ app_begin ] --END-- [ RunTime:0.000827s ]
SQL: SHOW COLUMNS FROM `onethink_config` [ RunTime:0.017358s ]
SQL: SELECT `type`,`name`,`value` FROM `onethink_config` WHERE ( `status` = 1 )  [ RunTime:0.000435s ]
SQL: SHOW COLUMNS FROM `onethink_ucenter_member` [ RunTime:0.024019s ]
SQL: SELECT * FROM `onethink_ucenter_member` WHERE ( `username` = 'adminadmin' ) LIMIT 1   [ RunTime:0.000890s ]
SQL: UPDATE `onethink_ucenter_member` SET `last_login_time`=1502541251,`last_login_ip`='2130706433' WHERE ( `id` = 2 ) [ RunTime:0.000626s ]
SQL: SHOW COLUMNS FROM `onethink_member` [ RunTime:0.025560s ]
SQL: SELECT `uid`,`nickname`,`sex`,`birthday`,`qq`,`score`,`login`,`reg_ip`,`reg_time`,`last_login_ip`,`last_login_time`,`status` FROM `onethink_member` WHERE ( `uid` = 2 ) LIMIT 1   [ RunTime:0.000440s ]
SQL: UPDATE `onethink_member` SET `login`=`login`+1,`last_login_time`=1502541251,`last_login_ip`='2130706433' WHERE ( `uid` = 2 ) [ RunTime:0.000435s ]
SQL: SHOW COLUMNS FROM `onethink_action` [ RunTime:0.044871s ]
SQL: SELECT * FROM `onethink_action` WHERE ( `name` = 'user_login' ) LIMIT 1   [ RunTime:0.000427s ]
SQL: SHOW COLUMNS FROM `onethink_action_log` [ RunTime:0.035959s ]
SQL: INSERT INTO `onethink_action_log` (`action_id`,`user_id`,`action_ip`,`model`,`record_id`,`create_time`,`remark`) VALUES (1,2,2130706433,'member',2,1502541251,'adminadmin在2017-08-12 20:34登录了后台') [ RunTime:0.000457s ]
SQL: SELECT * FROM `onethink_action` WHERE ( `name` = 'user_login' ) LIMIT 1   [ RunTime:0.000332s ]
NOTIC: [8] Undefined offset: 1 C:\phpStudy\WWW\onethink\Application\Common\Common\function.php 第 665 行.
NOTIC: [2] array_key_exists() expects parameter 2 to be array, null given C:\phpStudy\WWW\onethink\Application\Common\Common\function.php 第 665 行.
SQL: SELECT COUNT(*) AS tp_count FROM `onethink_action_log` WHERE ( `action_id` = 1 ) AND ( `user_id` = 2 ) AND ( `create_time` > 1502454851 ) LIMIT 1   [ RunTime:0.000323s ]

[ 2017-08-12T20:34:12+08:00 ] 127.0.0.1 /onethink/index.php?s=/Home/Index/index.html
SQL: SHOW COLUMNS FROM `onethink_category` [ RunTime:0.027587s ]
SQL: SELECT `id`,`name`,`title`,`pid`,`sort`,`list_row`,`meta_title`,`keywords`,`description`,`template_index`,`template_lists`,`template_detail`,`template_edit`,`model`,`type`,`link_id`,`allow_publish`,`display`,`reply`,`check`,`reply_model`,`extend`,`create_time`,`update_time`,`status`,`icon` FROM `onethink_category` WHERE ( `status` = 1 ) ORDER BY sort  [ RunTime:0.000570s ]
SQL: SHOW COLUMNS FROM `onethink_document` [ RunTime:0.027782s ]
SQL: SELECT `id`,`uid`,`name`,`title`,`category_id`,`description`,`root`,`pid`,`model_id`,`type`,`position`,`link_id`,`cover_id`,`display`,`deadline`,`attach`,`view`,`comment`,`extend`,`level`,`create_time`,`update_time`,`status` FROM `onethink_document` WHERE ( `status` = 1 ) AND ( `pid` = 0 ) AND ( `create_time` < 1502541252 ) AND ( deadline = 0 OR deadline > 1502541252 ) ORDER BY `id` DESC  [ RunTime:0.000676s ]
INFO: [ view_parse ] --START--
INFO: [ template_filter ] --START--
INFO: Run Behavior\ContentReplace [ RunTime:0.000072s ]
INFO: [ template_filter ] --END-- [ RunTime:0.000128s ]
INFO: Run Behavior\ParseTemplate [ RunTime:0.045031s ]
INFO: [ view_parse ] --END-- [ RunTime:0.045185s ]
INFO: [ view_filter ] --START--
INFO: Run Behavior\WriteHtmlCache [ RunTime:0.001150s ]
INFO: [ view_filter ] --END-- [ RunTime:0.001353s ]
INFO: [ app_end ] --START--
INFO: Run Behavior\ShowPageTrace [ RunTime:0.001477s ]
INFO: [ app_end ] --END-- [ RunTime:0.001633s ]

[ 2017-08-12T20:34:49+08:00 ] 127.0.0.1 /onethink/index.php?s=/Home/User/login.html
INFO: [ view_parse ] --START--
INFO: [ template_filter ] --START--
INFO: Run Behavior\ContentReplace [ RunTime:0.000102s ]
INFO: [ template_filter ] --END-- [ RunTime:0.000190s ]
INFO: Run Behavior\ParseTemplate [ RunTime:0.037525s ]
INFO: [ view_parse ] --END-- [ RunTime:0.037986s ]
INFO: [ view_filter ] --START--
INFO: Run Behavior\WriteHtmlCache [ RunTime:0.000449s ]
INFO: [ view_filter ] --END-- [ RunTime:0.000509s ]
INFO: [ app_end ] --START--
INFO: Run Behavior\ShowPageTrace [ RunTime:0.000574s ]
INFO: [ app_end ] --END-- [ RunTime:0.000629s ]

[ 2017-08-12T20:34:49+08:00 ] 127.0.0.1 /onethink/index.php?s=/Home/User/verify.html
INFO: [ app_end ] --START--
INFO: Run Behavior\ShowPageTrace [ RunTime:0.000737s ]
INFO: [ app_end ] --END-- [ RunTime:0.001386s ]

[ 2017-08-12T20:34:54+08:00 ] 127.0.0.1 /onethink/index.php?s=/Home/User/logout.html
SQL: SHOW COLUMNS FROM `onethink_member` [ RunTime:0.012122s ]
INFO: [ view_parse ] --START--
INFO: [ template_filter ] --START--
INFO: Run Behavior\ContentReplace [ RunTime:0.000047s ]
INFO: [ template_filter ] --END-- [ RunTime:0.000124s ]
INFO: Run Behavior\ParseTemplate [ RunTime:0.075186s ]
INFO: [ view_parse ] --END-- [ RunTime:0.075313s ]
INFO: [ view_filter ] --START--
INFO: Run Behavior\WriteHtmlCache [ RunTime:0.001076s ]
INFO: [ view_filter ] --END-- [ RunTime:0.001181s ]
INFO: [ app_end ] --START--
INFO: Run Behavior\ShowPageTrace [ RunTime:0.001448s ]
INFO: [ app_end ] --END-- [ RunTime:0.001577s ]

[ 2017-08-12T20:34:55+08:00 ] 127.0.0.1 /onethink/index.php?s=/Home/User/login.html
INFO: [ view_parse ] --START--
INFO: [ template_filter ] --START--
INFO: Run Behavior\ContentReplace [ RunTime:0.000201s ]
INFO: [ template_filter ] --END-- [ RunTime:0.000366s ]
INFO: Run Behavior\ParseTemplate [ RunTime:0.023771s ]
INFO: [ view_parse ] --END-- [ RunTime:0.024904s ]
INFO: [ view_filter ] --START--
INFO: Run Behavior\WriteHtmlCache [ RunTime:0.000918s ]
INFO: [ view_filter ] --END-- [ RunTime:0.001023s ]
INFO: [ app_end ] --START--
INFO: Run Behavior\ShowPageTrace [ RunTime:0.001175s ]
INFO: [ app_end ] --END-- [ RunTime:0.001282s ]

[ 2017-08-12T20:34:55+08:00 ] 127.0.0.1 /onethink/index.php?s=/Home/User/verify.html
INFO: [ app_end ] --START--
INFO: Run Behavior\ShowPageTrace [ RunTime:0.000827s ]
INFO: [ app_end ] --END-- [ RunTime:0.001607s ]

[ 2017-08-12T20:35:02+08:00 ] 127.0.0.1 /onethink/index.php?s=/Home/User/login.html
INFO: [ view_parse ] --START--
INFO: [ template_filter ] --START--
INFO: Run Behavior\ContentReplace [ RunTime:0.000205s ]
INFO: [ template_filter ] --END-- [ RunTime:0.000384s ]
INFO: Run Behavior\ParseTemplate [ RunTime:0.036484s ]
INFO: [ view_parse ] --END-- [ RunTime:0.038524s ]
INFO: [ view_filter ] --START--
INFO: Run Behavior\WriteHtmlCache [ RunTime:0.001210s ]
INFO: [ view_filter ] --END-- [ RunTime:0.001346s ]
INFO: [ app_end ] --START--
INFO: Run Behavior\ShowPageTrace [ RunTime:0.001602s ]
INFO: [ app_end ] --END-- [ RunTime:0.001751s ]

[ 2017-08-12T20:35:02+08:00 ] 127.0.0.1 /onethink/index.php?s=/Home/User/verify.html
INFO: [ app_end ] --START--
INFO: Run Behavior\ShowPageTrace [ RunTime:0.000780s ]
INFO: [ app_end ] --END-- [ RunTime:0.001445s ]

[ 2017-08-12T20:35:09+08:00 ] 127.0.0.1 /onethink/index.php?s=/Home/User/register.html
INFO: [ view_parse ] --START--
INFO: [ template_filter ] --START--
INFO: Run Behavior\ContentReplace [ RunTime:0.000069s ]
INFO: [ template_filter ] --END-- [ RunTime:0.000125s ]
INFO: Run Behavior\ParseTemplate [ RunTime:0.047110s ]
INFO: [ view_parse ] --END-- [ RunTime:0.047524s ]
INFO: [ view_filter ] --START--
INFO: Run Behavior\WriteHtmlCache [ RunTime:0.000382s ]
INFO: [ view_filter ] --END-- [ RunTime:0.000433s ]
INFO: [ app_end ] --START--
INFO: Run Behavior\ShowPageTrace [ RunTime:0.000484s ]
INFO: [ app_end ] --END-- [ RunTime:0.000528s ]

[ 2017-08-12T20:35:09+08:00 ] 127.0.0.1 /onethink/index.php?s=/Home/User/verify.html
INFO: [ app_end ] --START--
INFO: Run Behavior\ShowPageTrace [ RunTime:0.000974s ]
INFO: [ app_end ] --END-- [ RunTime:0.001652s ]

